19:25:12 **** Incremental Build of configuration Release for project espwithNetwork ****
"C:\\eclipseArduino\\arduinoPlugin\\tools\\make\\make" all 
Building file: ../.ino.cpp
Starting C++ compile
"C:\eclipseArduino\arduinoPlugin\tools\esp8266\xtensa-lx106-elf-gcc\1.20.0-26-gb404fb9-2/bin/xtensa-lx106-elf-g++" -D__ets__ -DICACHE_FLASH -U__STRICT_ANSI__ "-IC:/eclipseArduino/arduinoPlugin/packages/esp8266/hardware/esp8266/2.2.0/tools/sdk/include" "-IC:/eclipseArduino/arduinoPlugin/packages/esp8266/hardware/esp8266/2.2.0/tools/sdk/lwip/include" -c -Os -g -mlongcalls -mtext-section-literals -fno-exceptions -fno-rtti -falign-functions=4 -std=c++11 -MMD -ffunction-sections -fdata-sections -DF_CPU=80000000L  -DDEBUG_ESP_PORT=Serial -DDEBUG_ESP_CORE -DDEBUG_ESP_SSL -DDEBUG_ESP_WIFI -DDEBUG_ESP_HTTP_CLIENT -DDEBUG_ESP_HTTP_UPDATE -DDEBUG_ESP_HTTP_SERVER -DDEBUG_ESP_UPDATER -DDEBUG_ESP_OTA -DDEBUG_TLS_MEM -DARDUINO=10606 -DARDUINO_ESP8266_ESP01 -DARDUINO_ARCH_ESP8266  -DESP8266   -I"C:\eclipseArduino\arduinoPlugin\packages\esp8266\hardware\esp8266\2.2.0\cores\esp8266" -I"C:\eclipseArduino\arduinoPlugin\packages\esp8266\hardware\esp8266\2.2.0\variants\generic" -I"C:\eclipseArduino\arduinoPlugin\packages\esp8266\hardware\esp8266\2.2.0\libraries\Hash" -I"C:\eclipseArduino\arduinoPlugin\packages\esp8266\hardware\esp8266\2.2.0\libraries\Hash\src" -I"C:\eclipseArduino\arduinoPlugin\packages\esp8266\hardware\esp8266\2.2.0\libraries\ESP8266WiFi" -I"C:\eclipseArduino\arduinoPlugin\packages\esp8266\hardware\esp8266\2.2.0\libraries\ESP8266WiFi\src" -I"C:\eclipseArduino\arduinoPlugin\libraries\arduinoWebSockets" -I"C:\eclipseArduino\arduinoPlugin\libraries\arduinoWebSockets\src" -I"C:\eclipseArduino\arduinoPlugin\packages\esp8266\hardware\esp8266\2.2.0\libraries\ESP8266WebServer" -I"C:\eclipseArduino\arduinoPlugin\packages\esp8266\hardware\esp8266\2.2.0\libraries\ESP8266WebServer\src" -I"C:\eclipseArduino\arduinoPlugin\packages\esp8266\hardware\esp8266\2.2.0\libraries\SPI" -I"C:\eclipseArduino\arduinoPlugin\packages\esp8266\hardware\esp8266\2.2.0\libraries\Ethernet" -I"C:\eclipseArduino\arduinoPlugin\packages\esp8266\hardware\esp8266\2.2.0\libraries\Ethernet\src" -I"C:\eclipseArduino\arduinoPlugin\packages\esp8266\hardware\esp8266\2.2.0\libraries\ESP8266mDNS" -MMD -MP -MF".ino.cpp.d" -MT".ino.cpp.o" -D__IN_ECLIPSE__=1 -x c++ "../.ino.cpp"  -o  ".ino.cpp.o"   -Wall
Finished building: ../.ino.cpp
 
Starting combiner
"C:\eclipseArduino\arduinoPlugin\tools\esp8266\xtensa-lx106-elf-gcc\1.20.0-26-gb404fb9-2/bin/xtensa-lx106-elf-gcc" -g -Os -nostdlib -Wl,--no-check-sections -u call_user_start -Wl,-static "-LC:/eclipseArduino/arduinoPlugin/packages/esp8266/hardware/esp8266/2.2.0/tools/sdk/lib" "-LC:/eclipseArduino/arduinoPlugin/packages/esp8266/hardware/esp8266/2.2.0/tools/sdk/ld" "-Teagle.flash.4m1m.ld" -Wl,--gc-sections -Wl,-wrap,system_restart_local -Wl,-wrap,register_chipv6_phy  -o "C:/eclipseArduino/espwithNetwork/Release/espwithNetwork.elf" -Wl,--start-group    ./.ino.cpp.o  ./libraries/SPI/SPI.cpp.o  ./libraries/Hash/src/sha1/sha1.c.o  ./libraries/Hash/src/Hash.cpp.o  ./libraries/Ethernet/src/utility/socket.cpp.o ./libraries/Ethernet/src/utility/w5100.cpp.o  ./libraries/Ethernet/src/Dhcp.cpp.o ./libraries/Ethernet/src/Dns.cpp.o ./libraries/Ethernet/src/Ethernet.cpp.o ./libraries/Ethernet/src/EthernetClient.cpp.o ./libraries/Ethernet/src/EthernetServer.cpp.o ./libraries/Ethernet/src/EthernetUdp.cpp.o  ./libraries/ESP8266mDNS/ESP8266mDNS.cpp.o  ./libraries/ESP8266WiFi/src/ESP8266WiFi.cpp.o ./libraries/ESP8266WiFi/src/ESP8266WiFiAP.cpp.o ./libraries/ESP8266WiFi/src/ESP8266WiFiGeneric.cpp.o ./libraries/ESP8266WiFi/src/ESP8266WiFiMulti.cpp.o ./libraries/ESP8266WiFi/src/ESP8266WiFiSTA.cpp.o ./libraries/ESP8266WiFi/src/ESP8266WiFiScan.cpp.o ./libraries/ESP8266WiFi/src/WiFiClient.cpp.o ./libraries/ESP8266WiFi/src/WiFiClientSecure.cpp.o ./libraries/ESP8266WiFi/src/WiFiServer.cpp.o ./libraries/ESP8266WiFi/src/WiFiUdp.cpp.o  ./libraries/ESP8266WebServer/src/ESP8266WebServer.cpp.o ./libraries/ESP8266WebServer/src/Parsing.cpp.o  ./arduinoWebSockets/src/libsha1/libsha1.c.o  ./arduinoWebSockets/src/libb64/cdecode.c.o ./arduinoWebSockets/src/libb64/cencode.c.o  ./arduinoWebSockets/src/WebSockets.cpp.o ./arduinoWebSockets/src/WebSocketsClient.cpp.o ./arduinoWebSockets/src/WebSocketsServer.cpp.o   arduino.ar   "C:/eclipseArduino/espwithNetwork/Release/arduino.ar" -lm -lgcc -lhal -lphy -lpp -lnet80211 -lwpa -lcrypto -lmain -lwps -laxtls -lsmartconfig -lmesh -lwpa2 -llwip -Wl,--end-group  "-LC:/eclipseArduino/espwithNetwork/Release"
Finished building: espwithNetwork.elf
 
Create eeprom image
Finished building: espwithNetwork.eep
 
Create Flash image (ihex format)
"C:\eclipseArduino\arduinoPlugin\tools\esp8266\esptool\0.4.8/esptool.exe" -eo "C:/eclipseArduino/arduinoPlugin/packages/esp8266/hardware/esp8266/2.2.0/bootloaders/eboot/eboot.elf" -bo "C:/eclipseArduino/espwithNetwork/Release/espwithNetwork.bin" -bm dio -bf 80 -bz 4M -bs .text -bp 4096 -ec -eo "C:/eclipseArduino/espwithNetwork/Release/espwithNetwork.elf" -bs .irom0.text -bs .text -bs .data -bs .rodata -bc -ec
Finished building: espwithNetwork.bin
 
Building target: espwithNetwork
Printing size:
"C:\eclipseArduino\arduinoPlugin\tools\esp8266\xtensa-lx106-elf-gcc\1.20.0-26-gb404fb9-2/bin/xtensa-lx106-elf-size" -A "C:/eclipseArduino/espwithNetwork/Release/espwithNetwork.elf"
C:/eclipseArduino/espwithNetwork/Release/espwithNetwork.elf  :
section                                                                                                                                                                                                 size         addr
.data                                                                                                                                                                                                    900   1073643520
.rodata                                                                                                                                                                                                 4348   1073644432
.bss                                                                                                                                                                                                   30760   1073648784
.irom0.text                                                                                                                                                                                           215200   1075843088
.text                                                                                                                                                                                                  28710   1074790400
.debug_frame                                                                                                                                                                                           36856            0
.debug_info                                                                                                                                                                                           704904            0
.debug_abbrev                                                                                                                                                                                          87924            0
.debug_loc                                                                                                                                                                                            219068            0
.debug_aranges                                                                                                                                                                                         10840            0
.debug_ranges                                                                                                                                                                                          24968            0
.debug_line                                                                                                                                                                                           202822            0
.debug_str                                                                                                                                                                                            135600            0
.comment                                                                                                                                                                                                8920            0
.xtensa.info                                                                                                                                                                                              56            0
.xt.prop._ZNSt17_Function_handlerIFvh8WStype_tPhjEPS2_E9_M_invokeERKSt9_Any_datahS0_S1_j                                                                                                                  36            0
.xt.prop._ZNSt14_Function_base13_Base_managerIPFvh8WStype_tPhjEE10_M_managerERSt9_Any_dataRKS6_St18_Manager_operation                                                                                     72            0
.xt.lit._ZN10W5100Class11writeSnDIPREhPh                                                                                                                                                                   0            0
.xt.lit._ZN10W5100Class6readSnEht                                                                                                                                                                          0            0
.xt.lit._ZN10W5100Class8readSnIREh                                                                                                                                                                         0            0
.xt.lit._ZN10W5100Class7writeSnEhth                                                                                                                                                                        0            0
.xt.lit._ZN10W5100Class11writeSnPORTEht                                                                                                                                                                    0            0
.xt.lit._ZN10W5100Class9writeSnIREhh                                                                                                                                                                       0            0
.xt.lit._ZN10W5100Class12writeSnDPORTEht                                                                                                                                                                   0            0
.xt.prop._ZN10W5100Class11writeSnDIPREhPh                                                                                                                                                                 36            0
.xt.prop._ZN10W5100Class6readSnEht                                                                                                                                                                        36            0
.xt.prop._ZN10W5100Class8readSnIREh                                                                                                                                                                       36            0
.xt.prop._ZN10W5100Class7writeSnEhth                                                                                                                                                                      36            0
.xt.prop._ZN10W5100Class11writeSnPORTEht                                                                                                                                                                  36            0
.xt.prop._ZN10W5100Class9writeSnIREhh                                                                                                                                                                     36            0
.xt.prop._ZN10W5100Class12writeSnDPORTEht                                                                                                                                                                 36            0
.xt.lit._ZN10W5100Class12readSnTX_FSREh                                                                                                                                                                    0            0
.xt.lit._ZN10W5100Class12readSnRX_RSREh                                                                                                                                                                    0            0
.xt.prop._ZN10W5100Class12readSnTX_FSREh                                                                                                                                                                  36            0
.xt.prop._ZN10W5100Class12readSnRX_RSREh                                                                                                                                                                  36            0
.xt.prop._ZN6Stream9readBytesEPhj                                                                                                                                                                         36            0
.xt.lit._ZN11EthernetUDP8remoteIPEv                                                                                                                                                                        0            0
.xt.prop._ZN11EthernetUDP4readEPcj                                                                                                                                                                        36            0
.xt.prop._ZN11EthernetUDP8remoteIPEv                                                                                                                                                                      36            0
.xt.prop._ZN11EthernetUDP10remotePortEv                                                                                                                                                                   36            0
.xt.prop._ZTV11EthernetUDP                                                                                                                                                                                12            0
.xt.prop._ZNSt14_Function_baseD2Ev                                                                                                                                                                        36            0
.xt.lit._ZN13ClientContext8_s_errorEPva                                                                                                                                                                    8            0
.xt.lit._ZN13ClientContext7_s_sentEPvP7tcp_pcbt                                                                                                                                                            8            0
.xt.lit._ZN13ClientContext7_s_recvEPvP7tcp_pcbP4pbufa                                                                                                                                                      8            0
.xt.lit._ZN13ClientContext5flushEv                                                                                                                                                                         0            0
.xt.lit._ZN13ClientContext5unrefEv                                                                                                                                                                         8            0
.xt.lit._ZN13ClientContext5writeEPKcj                                                                                                                                                                      8            0
.xt.lit._ZN13ClientContext8_consumeEj                                                                                                                                                                      8            0
.xt.prop._ZN13ClientContext8_s_errorEPva                                                                                                                                                                  36            0
.xt.prop._ZN13ClientContext7_s_sentEPvP7tcp_pcbt                                                                                                                                                          36            0
.xt.prop._ZN13ClientContext7_s_recvEPvP7tcp_pcbP4pbufa                                                                                                                                                    96            0
.xt.prop._ZN13ClientContext5flushEv                                                                                                                                                                       60            0
.xt.prop._ZN13ClientContext5unrefEv                                                                                                                                                                       60            0
.xt.prop._ZN13ClientContext5writeEPKcj                                                                                                                                                                    72            0
.xt.prop._ZN13ClientContext8_consumeEj                                                                                                                                                                    96            0
.xt.prop._ZTV10WiFiClient                                                                                                                                                                                 12            0
.xt.prop._ZTV10WiFiServer                                                                                                                                                                                 12            0
.xt.prop._ZN5Print5writeEPKcj                                                                                                                                                                             36            0
.xt.lit._ZNSt14_Function_base13_Base_managerISt5_BindIFSt7_Mem_fnIM10WebSocketsFvP10WSclient_tbPhEEPS3_St12_PlaceholderILi1EESB_ILi2EES6_EEE10_M_managerERSt9_Any_dataRKSH_St18_Manager_operation          0            0
.xt.lit._ZNKSt8functionIFvP10WSclient_tbEEclES1_b                                                                                                                                                          0            0
.xt.prop._ZNSt14_Function_base13_Base_managerISt5_BindIFSt7_Mem_fnIM10WebSocketsFvP10WSclient_tbPhEEPS3_St12_PlaceholderILi1EESB_ILi2EES6_EEE10_M_managerERSt9_Any_dataRKSH_St18_Manager_operation        84            0
.xt.prop._ZNSt17_Function_handlerIFvP10WSclient_tbESt5_BindIFSt7_Mem_fnIM10WebSocketsFvS1_bPhEEPS5_St12_PlaceholderILi1EESB_ILi2EES6_EEE9_M_invokeERKSt9_Any_dataS1_b                                     36            0
.xt.prop._ZNKSt8functionIFvP10WSclient_tbEEclES1_b                                                                                                                                                        48            0
.xt.lit._ZN5Print5writeEPKc                                                                                                                                                                                0            0
.xt.lit._ZN16WebSocketsServer28handleNonWebsocketConnectionEP10WSclient_t                                                                                                                                  8            0
.xt.lit._ZN16WebSocketsServer25handleAuthorizationFailedEP10WSclient_t                                                                                                                                     8            0
.xt.prop._ZN16WebSocketsServer10runCbEventEh8WStype_tPhj                                                                                                                                                  36            0
.xt.prop._ZN5Print5writeEPKc                                                                                                                                                                              48            0
.xt.prop._ZN16WebSocketsServer28handleNonWebsocketConnectionEP10WSclient_t                                                                                                                                36            0
.xt.prop._ZN16WebSocketsServer25handleAuthorizationFailedEP10WSclient_t                                                                                                                                   36            0
.xt.prop._ZTV16WebSocketsServer                                                                                                                                                                           12            0
.xt.lit._ZN14HardwareSerialD2Ev                                                                                                                                                                            8            0
.xt.lit._ZN14HardwareSerialD0Ev                                                                                                                                                                            0            0
.xt.prop._ZN14HardwareSerialD2Ev                                                                                                                                                                          36            0
.xt.prop._ZN14HardwareSerialD0Ev                                                                                                                                                                          36            0
.xt.prop._ZTV14HardwareSerial                                                                                                                                                                             12            0
.xt.prop._ZTV9IPAddress                                                                                                                                                                                   12            0
Total                                                                                                                                                                                                1713520


Finished building target: espwithNetwork
 

19:25:16 Build Finished (took 3s.469ms)

