17:00:23 **** Build of configuration Release for project eather_station_v2 ****
"C:\\eclipseArduino\\arduinoPlugin\\tools\\make\\make" all 
Building file: ../.ino.cpp
Starting C++ compile
"C:\eclipseArduino\arduinoPlugin\tools\esp8266\xtensa-lx106-elf-gcc\1.20.0-26-gb404fb9-2/bin/xtensa-lx106-elf-g++" -D__ets__ -DICACHE_FLASH -U__STRICT_ANSI__ "-IC:/eclipseArduino/arduinoPlugin/packages/esp8266/hardware/esp8266/2.2.0/tools/sdk/include" "-IC:/eclipseArduino/arduinoPlugin/packages/esp8266/hardware/esp8266/2.2.0/tools/sdk/lwip/include" -c -Os -g -mlongcalls -mtext-section-literals -fno-exceptions -fno-rtti -falign-functions=4 -std=c++11 -MMD -ffunction-sections -fdata-sections -DF_CPU=80000000L  -DDEBUG_ESP_PORT=Serial -DDEBUG_ESP_CORE -DDEBUG_ESP_SSL -DDEBUG_ESP_WIFI -DDEBUG_ESP_HTTP_CLIENT -DDEBUG_ESP_HTTP_UPDATE -DDEBUG_ESP_HTTP_SERVER -DDEBUG_ESP_UPDATER -DDEBUG_ESP_OTA -DDEBUG_TLS_MEM -DARDUINO=10606 -DARDUINO_ESP8266_ESP01 -DARDUINO_ARCH_ESP8266  -DESP8266   -I"C:\eclipseArduino\arduinoPlugin\packages\esp8266\hardware\esp8266\2.2.0\cores\esp8266" -I"C:\eclipseArduino\arduinoPlugin\packages\esp8266\hardware\esp8266\2.2.0\variants\generic" -I"C:\eclipseArduino\arduinoPlugin\packages\esp8266\hardware\esp8266\2.2.0\libraries\Wire" -I"C:\eclipseArduino\arduinoPlugin\packages\esp8266\hardware\esp8266\2.2.0\libraries\ESP8266WiFi" -I"C:\eclipseArduino\arduinoPlugin\packages\esp8266\hardware\esp8266\2.2.0\libraries\ESP8266WiFi\src" -I"C:\eclipseArduino\arduinoPlugin\packages\esp8266\hardware\esp8266\2.2.0\libraries\Ticker" -MMD -MP -MF".ino.cpp.d" -MT".ino.cpp.o" -D__IN_ECLIPSE__=1 -x c++ "../.ino.cpp"  -o  ".ino.cpp.o"   -Wall
In file included from ../weather-station-v2.ino:28:0,
                 from ../.ino.cpp:24:
../ssd1306_i2c.h:35:7: error: redefinition of 'class SSD1306'
 class SSD1306 {
       ^
In file included from ../.ino.cpp:10:0:
../ssd1306_i2c.h:35:7: error: previous definition of 'class SSD1306'
 class SSD1306 {
       ^
In file included from C:\eclipseArduino\arduinoPlugin\packages\esp8266\hardware\esp8266\2.2.0\cores\esp8266/esp8266_peri.h:24:0,
                 from C:\eclipseArduino\arduinoPlugin\packages\esp8266\hardware\esp8266\2.2.0\cores\esp8266/Arduino.h:38,
                 from ../.ino.cpp:7:
C:/eclipseArduino/arduinoPlugin/packages/esp8266/hardware/esp8266/2.2.0/tools/sdk/include/c_types.h:71:66: error: redefinition of 'const char active_bits []'
 #define ICACHE_RODATA_ATTR  __attribute__((section(".irom.text")))
                                                                  ^
C:\eclipseArduino\arduinoPlugin\packages\esp8266\hardware\esp8266\2.2.0\cores\esp8266/pgmspace.h:18:21: note: in expansion of macro 'ICACHE_RODATA_ATTR'
 #define PROGMEM     ICACHE_RODATA_ATTR
                     ^
../icons.h:30:26: note: in expansion of macro 'PROGMEM'
 const char active_bits[] PROGMEM = {
                          ^
In file included from ../.ino.cpp:11:0:
../icons.h:30:12: error: 'const char active_bits [8]' previously defined here
 const char active_bits[] PROGMEM = {
            ^
In file included from C:\eclipseArduino\arduinoPlugin\packages\esp8266\hardware\esp8266\2.2.0\cores\esp8266/esp8266_peri.h:24:0,
                 from C:\eclipseArduino\arduinoPlugin\packages\esp8266\hardware\esp8266\2.2.0\cores\esp8266/Arduino.h:38,
                 from ../.ino.cpp:7:
C:/eclipseArduino/arduinoPlugin/packages/esp8266/hardware/esp8266/2.2.0/tools/sdk/include/c_types.h:71:66: error: redefinition of 'const char inactive_bits []'
 #define ICACHE_RODATA_ATTR  __attribute__((section(".irom.text")))
                                                                  ^
C:\eclipseArduino\arduinoPlugin\packages\esp8266\hardware\esp8266\2.2.0\cores\esp8266/pgmspace.h:18:21: note: in expansion of macro 'ICACHE_RODATA_ATTR'
 #define PROGMEM     ICACHE_RODATA_ATTR
                     ^
../icons.h:35:28: note: in expansion of macro 'PROGMEM'
 const char inactive_bits[] PROGMEM = {
                            ^
In file included from ../.ino.cpp:11:0:
../icons.h:35:12: error: 'const char inactive_bits [8]' previously defined here
 const char inactive_bits[] PROGMEM = {
            ^
In file included from C:\eclipseArduino\arduinoPlugin\packages\esp8266\hardware\esp8266\2.2.0\cores\esp8266/esp8266_peri.h:24:0,
                 from C:\eclipseArduino\arduinoPlugin\packages\esp8266\hardware\esp8266\2.2.0\cores\esp8266/Arduino.h:38,
                 from ../.ino.cpp:7:
C:/eclipseArduino/arduinoPlugin/packages/esp8266/hardware/esp8266/2.2.0/tools/sdk/include/c_types.h:71:66: error: redefinition of 'const char xbmtemp []'
 #define ICACHE_RODATA_ATTR  __attribute__((section(".irom.text")))
                                                                  ^
C:\eclipseArduino\arduinoPlugin\packages\esp8266\hardware\esp8266\2.2.0\cores\esp8266/pgmspace.h:18:21: note: in expansion of macro 'ICACHE_RODATA_ATTR'
 #define PROGMEM     ICACHE_RODATA_ATTR
                     ^
../icons.h:38:22: note: in expansion of macro 'PROGMEM'
 const char xbmtemp[] PROGMEM = {
                      ^
In file included from ../.ino.cpp:11:0:
../icons.h:38:12: error: 'const char xbmtemp [480]' previously defined here
 const char xbmtemp[] PROGMEM = {
            ^
In file included from C:\eclipseArduino\arduinoPlugin\packages\esp8266\hardware\esp8266\2.2.0\cores\esp8266/esp8266_peri.h:24:0,
                 from C:\eclipseArduino\arduinoPlugin\packages\esp8266\hardware\esp8266\2.2.0\cores\esp8266/Arduino.h:38,
                 from ../.ino.cpp:7:
C:/eclipseArduino/arduinoPlugin/packages/esp8266/hardware/esp8266/2.2.0/tools/sdk/include/c_types.h:71:66: error: redefinition of 'const char WiFi_Logo_bits []'
 #define ICACHE_RODATA_ATTR  __attribute__((section(".irom.text")))
                                                                  ^
C:\eclipseArduino\arduinoPlugin\packages\esp8266\hardware\esp8266\2.2.0\cores\esp8266/pgmspace.h:18:21: note: in expansion of macro 'ICACHE_RODATA_ATTR'
 #define PROGMEM     ICACHE_RODATA_ATTR
                     ^
../icons.h:82:29: note: in expansion of macro 'PROGMEM'
 const char WiFi_Logo_bits[] PROGMEM = {
                             ^
In file included from ../.ino.cpp:11:0:
../icons.h:82:12: error: 'const char WiFi_Logo_bits [288]' previously defined here
 const char WiFi_Logo_bits[] PROGMEM = {
            ^
In file included from C:\eclipseArduino\arduinoPlugin\packages\esp8266\hardware\esp8266\2.2.0\cores\esp8266/esp8266_peri.h:24:0,
                 from C:\eclipseArduino\arduinoPlugin\packages\esp8266\hardware\esp8266\2.2.0\cores\esp8266/Arduino.h:38,
                 from ../.ino.cpp:7:
C:/eclipseArduino/arduinoPlugin/packages/esp8266/hardware/esp8266/2.2.0/tools/sdk/include/c_types.h:71:66: error: redefinition of 'const char clear_day_bits []'
 #define ICACHE_RODATA_ATTR  __attribute__((section(".irom.text")))
                                                                  ^
C:\eclipseArduino\arduinoPlugin\packages\esp8266\hardware\esp8266\2.2.0\cores\esp8266/pgmspace.h:18:21: note: in expansion of macro 'ICACHE_RODATA_ATTR'
 #define PROGMEM     ICACHE_RODATA_ATTR
                     ^
../icons.h:110:29: note: in expansion of macro 'PROGMEM'
 const char clear_day_bits[] PROGMEM= {
                             ^
In file included from ../.ino.cpp:11:0:
../icons.h:110:12: error: 'const char clear_day_bits [350]' previously defined here
 const char clear_day_bits[] PROGMEM= {
            ^
In file included from C:\eclipseArduino\arduinoPlugin\packages\esp8266\hardware\esp8266\2.2.0\cores\esp8266/esp8266_peri.h:24:0,
                 from C:\eclipseArduino\arduinoPlugin\packages\esp8266\hardware\esp8266\2.2.0\cores\esp8266/Arduino.h:38,
                 from ../.ino.cpp:7:
C:/eclipseArduino/arduinoPlugin/packages/esp8266/hardware/esp8266/2.2.0/tools/sdk/include/c_types.h:71:66: error: redefinition of 'const char clear_night_bits []'
 #define ICACHE_RODATA_ATTR  __attribute__((section(".irom.text")))
                                                                  ^
C:\eclipseArduino\arduinoPlugin\packages\esp8266\hardware\esp8266\2.2.0\cores\esp8266/pgmspace.h:18:21: note: in expansion of macro 'ICACHE_RODATA_ATTR'
 #define PROGMEM     ICACHE_RODATA_ATTR
                     ^
../icons.h:143:31: note: in expansion of macro 'PROGMEM'
 const char clear_night_bits[] PROGMEM= {
                               ^
In file included from ../.ino.cpp:11:0:
../icons.h:143:12: error: 'const char clear_night_bits [350]' previously defined here
 const char clear_night_bits[] PROGMEM= {
            ^
In file included from C:\eclipseArduino\arduinoPlugin\packages\esp8266\hardware\esp8266\2.2.0\cores\esp8266/esp8266_peri.h:24:0,
                 from C:\eclipseArduino\arduinoPlugin\packages\esp8266\hardware\esp8266\2.2.0\cores\esp8266/Arduino.h:38,
                 from ../.ino.cpp:7:
C:/eclipseArduino/arduinoPlugin/packages/esp8266/hardware/esp8266/2.2.0/tools/sdk/include/c_types.h:71:66: error: redefinition of 'const char cloudy_bits []'
 #define ICACHE_RODATA_ATTR  __attribute__((section(".irom.text")))
                                                                  ^
C:\eclipseArduino\arduinoPlugin\packages\esp8266\hardware\esp8266\2.2.0\cores\esp8266/pgmspace.h:18:21: note: in expansion of macro 'ICACHE_RODATA_ATTR'
 #define PROGMEM     ICACHE_RODATA_ATTR
                     ^
../icons.h:176:26: note: in expansion of macro 'PROGMEM'
 const char cloudy_bits[] PROGMEM= {
                          ^
In file included from ../.ino.cpp:11:0:
../icons.h:176:12: error: 'const char cloudy_bits [350]' previously defined here
 const char cloudy_bits[] PROGMEM= {
            ^
In file included from C:\eclipseArduino\arduinoPlugin\packages\esp8266\hardware\esp8266\2.2.0\cores\esp8266/esp8266_peri.h:24:0,
                 from C:\eclipseArduino\arduinoPlugin\packages\esp8266\hardware\esp8266\2.2.0\cores\esp8266/Arduino.h:38,
                 from ../.ino.cpp:7:
C:/eclipseArduino/arduinoPlugin/packages/esp8266/hardware/esp8266/2.2.0/tools/sdk/include/c_types.h:71:66: error: redefinition of 'const char fog_bits []'
 #define ICACHE_RODATA_ATTR  __attribute__((section(".irom.text")))
                                                                  ^
C:\eclipseArduino\arduinoPlugin\packages\esp8266\hardware\esp8266\2.2.0\cores\esp8266/pgmspace.h:18:21: note: in expansion of macro 'ICACHE_RODATA_ATTR'
 #define PROGMEM     ICACHE_RODATA_ATTR
                     ^
../icons.h:209:23: note: in expansion of macro 'PROGMEM'
 const char fog_bits[] PROGMEM= {
                       ^
In file included from ../.ino.cpp:11:0:
../icons.h:209:12: error: 'const char fog_bits [350]' previously defined here
 const char fog_bits[] PROGMEM= {
            ^
In file included from C:\eclipseArduino\arduinoPlugin\packages\esp8266\hardware\esp8266\2.2.0\cores\esp8266/esp8266_peri.h:24:0,
                 from C:\eclipseArduino\arduinoPlugin\packages\esp8266\hardware\esp8266\2.2.0\cores\esp8266/Arduino.h:38,
                 from ../.ino.cpp:7:
C:/eclipseArduino/arduinoPlugin/packages/esp8266/hardware/esp8266/2.2.0/tools/sdk/include/c_types.h:71:66: error: redefinition of 'const char partly_cloudy_day_bits []'
 #define ICACHE_RODATA_ATTR  __attribute__((section(".irom.text")))
                                                                  ^
C:\eclipseArduino\arduinoPlugin\packages\esp8266\hardware\esp8266\2.2.0\cores\esp8266/pgmspace.h:18:21: note: in expansion of macro 'ICACHE_RODATA_ATTR'
 #define PROGMEM     ICACHE_RODATA_ATTR
                     ^
../icons.h:242:37: note: in expansion of macro 'PROGMEM'
 const char partly_cloudy_day_bits[] PROGMEM= {
                                     ^
In file included from ../.ino.cpp:11:0:
../icons.h:242:12: error: 'const char partly_cloudy_day_bits [350]' previously defined here
 const char partly_cloudy_day_bits[] PROGMEM= {
            ^
In file included from C:\eclipseArduino\arduinoPlugin\packages\esp8266\hardware\esp8266\2.2.0\cores\esp8266/esp8266_peri.h:24:0,
                 from C:\eclipseArduino\arduinoPlugin\packages\esp8266\hardware\esp8266\2.2.0\cores\esp8266/Arduino.h:38,
                 from ../.ino.cpp:7:
C:/eclipseArduino/arduinoPlugin/packages/esp8266/hardware/esp8266/2.2.0/tools/sdk/include/c_types.h:71:66: error: redefinition of 'const char partly_cloudy_night_bits []'
 #define ICACHE_RODATA_ATTR  __attribute__((section(".irom.text")))
                                                                  ^
C:\eclipseArduino\arduinoPlugin\packages\esp8266\hardware\esp8266\2.2.0\cores\esp8266/pgmspace.h:18:21: note: in expansion of macro 'ICACHE_RODATA_ATTR'
 #define PROGMEM     ICACHE_RODATA_ATTR
                     ^
../icons.h:275:39: note: in expansion of macro 'PROGMEM'
 const char partly_cloudy_night_bits[] PROGMEM= {
                                       ^
In file included from ../.ino.cpp:11:0:
../icons.h:275:12: error: 'const char partly_cloudy_night_bits [350]' previously defined here
 const char partly_cloudy_night_bits[] PROGMEM= {
            ^
In file included from C:\eclipseArduino\arduinoPlugin\packages\esp8266\hardware\esp8266\2.2.0\cores\esp8266/esp8266_peri.h:24:0,
                 from C:\eclipseArduino\arduinoPlugin\packages\esp8266\hardware\esp8266\2.2.0\cores\esp8266/Arduino.h:38,
                 from ../.ino.cpp:7:
C:/eclipseArduino/arduinoPlugin/packages/esp8266/hardware/esp8266/2.2.0/tools/sdk/include/c_types.h:71:66: error: redefinition of 'const char rain_bits []'
 #define ICACHE_RODATA_ATTR  __attribute__((section(".irom.text")))
                                                                  ^
C:\eclipseArduino\arduinoPlugin\packages\esp8266\hardware\esp8266\2.2.0\cores\esp8266/pgmspace.h:18:21: note: in expansion of macro 'ICACHE_RODATA_ATTR'
 #define PROGMEM     ICACHE_RODATA_ATTR
                     ^
../icons.h:308:24: note: in expansion of macro 'PROGMEM'
 const char rain_bits[] PROGMEM= {
                        ^
In file included from ../.ino.cpp:11:0:
../icons.h:308:12: error: 'const char rain_bits [350]' previously defined here
 const char rain_bits[] PROGMEM= {
            ^
In file included from C:\eclipseArduino\arduinoPlugin\packages\esp8266\hardware\esp8266\2.2.0\cores\esp8266/esp8266_peri.h:24:0,
                 from C:\eclipseArduino\arduinoPlugin\packages\esp8266\hardware\esp8266\2.2.0\cores\esp8266/Arduino.h:38,
                 from ../.ino.cpp:7:
C:/eclipseArduino/arduinoPlugin/packages/esp8266/hardware/esp8266/2.2.0/tools/sdk/include/c_types.h:71:66: error: redefinition of 'const char sleet_bits []'
 #define ICACHE_RODATA_ATTR  __attribute__((section(".irom.text")))
                                                                  ^
C:\eclipseArduino\arduinoPlugin\packages\esp8266\hardware\esp8266\2.2.0\cores\esp8266/pgmspace.h:18:21: note: in expansion of macro 'ICACHE_RODATA_ATTR'
 #define PROGMEM     ICACHE_RODATA_ATTR
                     ^
../icons.h:341:25: note: in expansion of macro 'PROGMEM'
 const char sleet_bits[] PROGMEM= {
                         ^
In file included from ../.ino.cpp:11:0:
../icons.h:341:12: error: 'const char sleet_bits [350]' previously defined here
 const char sleet_bits[] PROGMEM= {
            ^
In file included from C:\eclipseArduino\arduinoPlugin\packages\esp8266\hardware\esp8266\2.2.0\cores\esp8266/esp8266_peri.h:24:0,
                 from C:\eclipseArduino\arduinoPlugin\packages\esp8266\hardware\esp8266\2.2.0\cores\esp8266/Arduino.h:38,
                 from ../.ino.cpp:7:
C:/eclipseArduino/arduinoPlugin/packages/esp8266/hardware/esp8266/2.2.0/tools/sdk/include/c_types.h:71:66: error: redefinition of 'const char snow_bits []'
 #define ICACHE_RODATA_ATTR  __attribute__((section(".irom.text")))
                                                                  ^
C:\eclipseArduino\arduinoPlugin\packages\esp8266\hardware\esp8266\2.2.0\cores\esp8266/pgmspace.h:18:21: note: in expansion of macro 'ICACHE_RODATA_ATTR'
 #define PROGMEM     ICACHE_RODATA_ATTR
                     ^
../icons.h:374:24: note: in expansion of macro 'PROGMEM'
 const char snow_bits[] PROGMEM= {
                        ^
In file included from ../.ino.cpp:11:0:
../icons.h:374:12: error: 'const char snow_bits [350]' previously defined here
 const char snow_bits[] PROGMEM= {
            ^
In file included from C:\eclipseArduino\arduinoPlugin\packages\esp8266\hardware\esp8266\2.2.0\cores\esp8266/esp8266_peri.h:24:0,
                 from C:\eclipseArduino\arduinoPlugin\packages\esp8266\hardware\esp8266\2.2.0\cores\esp8266/Arduino.h:38,
                 from ../.ino.cpp:7:
C:/eclipseArduino/arduinoPlugin/packages/esp8266/hardware/esp8266/2.2.0/tools/sdk/include/c_types.h:71:66: error: redefinition of 'const char sunset_bits []'
 #define ICACHE_RODATA_ATTR  __attribute__((section(".irom.text")))
                                                                  ^
C:\eclipseArduino\arduinoPlugin\packages\esp8266\hardware\esp8266\2.2.0\cores\esp8266/pgmspace.h:18:21: note: in expansion of macro 'ICACHE_RODATA_ATTR'
 #define PROGMEM     ICACHE_RODATA_ATTR
                     ^
../icons.h:407:26: note: in expansion of macro 'PROGMEM'
 const char sunset_bits[] PROGMEM= {
                          ^
In file included from ../.ino.cpp:11:0:
../icons.h:407:12: error: 'const char sunset_bits [350]' previously defined here
 const char sunset_bits[] PROGMEM= {
            ^
In file included from C:\eclipseArduino\arduinoPlugin\packages\esp8266\hardware\esp8266\2.2.0\cores\esp8266/esp8266_peri.h:24:0,
                 from C:\eclipseArduino\arduinoPlugin\packages\esp8266\hardware\esp8266\2.2.0\cores\esp8266/Arduino.h:38,
                 from ../.ino.cpp:7:
C:/eclipseArduino/arduinoPlugin/packages/esp8266/hardware/esp8266/2.2.0/tools/sdk/include/c_types.h:71:66: error: redefinition of 'const char wind_bits []'
 #define ICACHE_RODATA_ATTR  __attribute__((section(".irom.text")))
                                                                  ^
C:\eclipseArduino\arduinoPlugin\packages\esp8266\hardware\esp8266\2.2.0\cores\esp8266/pgmspace.h:18:21: note: in expansion of macro 'ICACHE_RODATA_ATTR'
 #define PROGMEM     ICACHE_RODATA_ATTR
                     ^
../icons.h:440:24: note: in expansion of macro 'PROGMEM'
 const char wind_bits[] PROGMEM= {
                        ^
In file included from ../.ino.cpp:11:0:
../icons.h:440:12: error: 'const char wind_bits [350]' previously defined here
 const char wind_bits[] PROGMEM= {
            ^
In file included from ../weather-station-v2.ino:33:0,
                 from ../.ino.cpp:24:
../WeatherClient.h:28:7: error: redefinition of 'class WeatherClient'
 class WeatherClient {
       ^
In file included from ../.ino.cpp:13:0:
../WeatherClient.h:28:7: error: previous definition of 'class WeatherClient'
 class WeatherClient {
       ^
subdir.mk:30: recipe for target '.ino.cpp.o' failed
make: *** [.ino.cpp.o] Error 1

17:00:24 Build Finished (took 717ms)

