14:41:28 **** Build of configuration Release for project mqtt_Demo1 ****
"C:\\eclipseArduino\\arduinoPlugin\\tools\\make\\make" all 
Building file: ../.ino.cpp
Starting C++ compile
"C:\eclipseArduino\arduinoPlugin\tools\esp8266\xtensa-lx106-elf-gcc\1.20.0-26-gb404fb9-2/bin/xtensa-lx106-elf-g++" -D__ets__ -DICACHE_FLASH -U__STRICT_ANSI__ "-IC:/eclipseArduino/arduinoPlugin/packages/esp8266/hardware/esp8266/2.2.0/tools/sdk/include" "-IC:/eclipseArduino/arduinoPlugin/packages/esp8266/hardware/esp8266/2.2.0/tools/sdk/lwip/include" -c -Os -g -mlongcalls -mtext-section-literals -fno-exceptions -fno-rtti -falign-functions=4 -std=c++11 -MMD -ffunction-sections -fdata-sections -DF_CPU=80000000L    -DARDUINO=10606 -DARDUINO_ESP8266_ESP12 -DARDUINO_ARCH_ESP8266  -DESP8266   -I"C:\eclipseArduino\arduinoPlugin\packages\esp8266\hardware\esp8266\2.2.0\cores\esp8266" -I"C:\eclipseArduino\arduinoPlugin\packages\esp8266\hardware\esp8266\2.2.0\variants\adafruit" -I"C:\eclipseArduino\arduinoPlugin\packages\esp8266\hardware\esp8266\2.2.0\libraries\SPI" -I"C:\eclipseArduino\arduinoPlugin\libraries\PubSubClient\2.6.0" -I"C:\eclipseArduino\arduinoPlugin\libraries\PubSubClient\2.6.0\src" -I"C:\eclipseArduino\arduinoPlugin\packages\esp8266\hardware\esp8266\2.2.0\libraries\Ethernet" -I"C:\eclipseArduino\arduinoPlugin\packages\esp8266\hardware\esp8266\2.2.0\libraries\Ethernet\src" -I"C:\eclipseArduino\Project\mqttSubscrise\json_data" -MMD -MP -MF".ino.cpp.d" -MT".ino.cpp.o" -D__IN_ECLIPSE__=1 -x c++ "../.ino.cpp"  -o  ".ino.cpp.o"   -Wall
Finished building: ../.ino.cpp
 
Building file: C:/eclipseArduino/arduinoPlugin/packages/esp8266/hardware/esp8266/2.2.0/libraries/SPI/SPI.cpp
Starting C++ compile
"C:\eclipseArduino\arduinoPlugin\tools\esp8266\xtensa-lx106-elf-gcc\1.20.0-26-gb404fb9-2/bin/xtensa-lx106-elf-g++" -D__ets__ -DICACHE_FLASH -U__STRICT_ANSI__ "-IC:/eclipseArduino/arduinoPlugin/packages/esp8266/hardware/esp8266/2.2.0/tools/sdk/include" "-IC:/eclipseArduino/arduinoPlugin/packages/esp8266/hardware/esp8266/2.2.0/tools/sdk/lwip/include" -c -Os -g -mlongcalls -mtext-section-literals -fno-exceptions -fno-rtti -falign-functions=4 -std=c++11 -MMD -ffunction-sections -fdata-sections -DF_CPU=80000000L    -DARDUINO=10606 -DARDUINO_ESP8266_ESP12 -DARDUINO_ARCH_ESP8266  -DESP8266   -I"C:\eclipseArduino\arduinoPlugin\packages\esp8266\hardware\esp8266\2.2.0\cores\esp8266" -I"C:\eclipseArduino\arduinoPlugin\packages\esp8266\hardware\esp8266\2.2.0\variants\adafruit" -I"C:\eclipseArduino\arduinoPlugin\packages\esp8266\hardware\esp8266\2.2.0\libraries\SPI" -I"C:\eclipseArduino\arduinoPlugin\libraries\PubSubClient\2.6.0" -I"C:\eclipseArduino\arduinoPlugin\libraries\PubSubClient\2.6.0\src" -I"C:\eclipseArduino\arduinoPlugin\packages\esp8266\hardware\esp8266\2.2.0\libraries\Ethernet" -I"C:\eclipseArduino\arduinoPlugin\packages\esp8266\hardware\esp8266\2.2.0\libraries\Ethernet\src" -I"C:\eclipseArduino\Project\mqttSubscrise\json_data" -MMD -MP -MF"libraries/SPI/SPI.cpp.d" -MT"libraries/SPI/SPI.cpp.o" -D__IN_ECLIPSE__=1 -x c++ "C:/eclipseArduino/arduinoPlugin/packages/esp8266/hardware/esp8266/2.2.0/libraries/SPI/SPI.cpp"  -o  "libraries/SPI/SPI.cpp.o"   -Wall
Finished building: C:/eclipseArduino/arduinoPlugin/packages/esp8266/hardware/esp8266/2.2.0/libraries/SPI/SPI.cpp
 
Building file: C:/eclipseArduino/arduinoPlugin/libraries/PubSubClient/2.6.0/src/PubSubClient.cpp
Starting C++ compile
"C:\eclipseArduino\arduinoPlugin\tools\esp8266\xtensa-lx106-elf-gcc\1.20.0-26-gb404fb9-2/bin/xtensa-lx106-elf-g++" -D__ets__ -DICACHE_FLASH -U__STRICT_ANSI__ "-IC:/eclipseArduino/arduinoPlugin/packages/esp8266/hardware/esp8266/2.2.0/tools/sdk/include" "-IC:/eclipseArduino/arduinoPlugin/packages/esp8266/hardware/esp8266/2.2.0/tools/sdk/lwip/include" -c -Os -g -mlongcalls -mtext-section-literals -fno-exceptions -fno-rtti -falign-functions=4 -std=c++11 -MMD -ffunction-sections -fdata-sections -DF_CPU=80000000L    -DARDUINO=10606 -DARDUINO_ESP8266_ESP12 -DARDUINO_ARCH_ESP8266  -DESP8266   -I"C:\eclipseArduino\arduinoPlugin\packages\esp8266\hardware\esp8266\2.2.0\cores\esp8266" -I"C:\eclipseArduino\arduinoPlugin\packages\esp8266\hardware\esp8266\2.2.0\variants\adafruit" -I"C:\eclipseArduino\arduinoPlugin\packages\esp8266\hardware\esp8266\2.2.0\libraries\SPI" -I"C:\eclipseArduino\arduinoPlugin\libraries\PubSubClient\2.6.0" -I"C:\eclipseArduino\arduinoPlugin\libraries\PubSubClient\2.6.0\src" -I"C:\eclipseArduino\arduinoPlugin\packages\esp8266\hardware\esp8266\2.2.0\libraries\Ethernet" -I"C:\eclipseArduino\arduinoPlugin\packages\esp8266\hardware\esp8266\2.2.0\libraries\Ethernet\src" -I"C:\eclipseArduino\Project\mqttSubscrise\json_data" -MMD -MP -MF"libraries/PubSubClient/src/PubSubClient.cpp.d" -MT"libraries/PubSubClient/src/PubSubClient.cpp.o" -D__IN_ECLIPSE__=1 -x c++ "C:/eclipseArduino/arduinoPlugin/libraries/PubSubClient/2.6.0/src/PubSubClient.cpp"  -o  "libraries/PubSubClient/src/PubSubClient.cpp.o"   -Wall
Finished building: C:/eclipseArduino/arduinoPlugin/libraries/PubSubClient/2.6.0/src/PubSubClient.cpp
 
Building file: C:/eclipseArduino/arduinoPlugin/packages/esp8266/hardware/esp8266/2.2.0/libraries/Ethernet/src/utility/socket.cpp
Starting C++ compile
"C:\eclipseArduino\arduinoPlugin\tools\esp8266\xtensa-lx106-elf-gcc\1.20.0-26-gb404fb9-2/bin/xtensa-lx106-elf-g++" -D__ets__ -DICACHE_FLASH -U__STRICT_ANSI__ "-IC:/eclipseArduino/arduinoPlugin/packages/esp8266/hardware/esp8266/2.2.0/tools/sdk/include" "-IC:/eclipseArduino/arduinoPlugin/packages/esp8266/hardware/esp8266/2.2.0/tools/sdk/lwip/include" -c -Os -g -mlongcalls -mtext-section-literals -fno-exceptions -fno-rtti -falign-functions=4 -std=c++11 -MMD -ffunction-sections -fdata-sections -DF_CPU=80000000L    -DARDUINO=10606 -DARDUINO_ESP8266_ESP12 -DARDUINO_ARCH_ESP8266  -DESP8266   -I"C:\eclipseArduino\arduinoPlugin\packages\esp8266\hardware\esp8266\2.2.0\cores\esp8266" -I"C:\eclipseArduino\arduinoPlugin\packages\esp8266\hardware\esp8266\2.2.0\variants\adafruit" -I"C:\eclipseArduino\arduinoPlugin\packages\esp8266\hardware\esp8266\2.2.0\libraries\SPI" -I"C:\eclipseArduino\arduinoPlugin\libraries\PubSubClient\2.6.0" -I"C:\eclipseArduino\arduinoPlugin\libraries\PubSubClient\2.6.0\src" -I"C:\eclipseArduino\arduinoPlugin\packages\esp8266\hardware\esp8266\2.2.0\libraries\Ethernet" -I"C:\eclipseArduino\arduinoPlugin\packages\esp8266\hardware\esp8266\2.2.0\libraries\Ethernet\src" -I"C:\eclipseArduino\Project\mqttSubscrise\json_data" -MMD -MP -MF"libraries/Ethernet/src/utility/socket.cpp.d" -MT"libraries/Ethernet/src/utility/socket.cpp.o" -D__IN_ECLIPSE__=1 -x c++ "C:/eclipseArduino/arduinoPlugin/packages/esp8266/hardware/esp8266/2.2.0/libraries/Ethernet/src/utility/socket.cpp"  -o  "libraries/Ethernet/src/utility/socket.cpp.o"   -Wall
Finished building: C:/eclipseArduino/arduinoPlugin/packages/esp8266/hardware/esp8266/2.2.0/libraries/Ethernet/src/utility/socket.cpp
 
Building file: C:/eclipseArduino/arduinoPlugin/packages/esp8266/hardware/esp8266/2.2.0/libraries/Ethernet/src/utility/w5100.cpp
Starting C++ compile
"C:\eclipseArduino\arduinoPlugin\tools\esp8266\xtensa-lx106-elf-gcc\1.20.0-26-gb404fb9-2/bin/xtensa-lx106-elf-g++" -D__ets__ -DICACHE_FLASH -U__STRICT_ANSI__ "-IC:/eclipseArduino/arduinoPlugin/packages/esp8266/hardware/esp8266/2.2.0/tools/sdk/include" "-IC:/eclipseArduino/arduinoPlugin/packages/esp8266/hardware/esp8266/2.2.0/tools/sdk/lwip/include" -c -Os -g -mlongcalls -mtext-section-literals -fno-exceptions -fno-rtti -falign-functions=4 -std=c++11 -MMD -ffunction-sections -fdata-sections -DF_CPU=80000000L    -DARDUINO=10606 -DARDUINO_ESP8266_ESP12 -DARDUINO_ARCH_ESP8266  -DESP8266   -I"C:\eclipseArduino\arduinoPlugin\packages\esp8266\hardware\esp8266\2.2.0\cores\esp8266" -I"C:\eclipseArduino\arduinoPlugin\packages\esp8266\hardware\esp8266\2.2.0\variants\adafruit" -I"C:\eclipseArduino\arduinoPlugin\packages\esp8266\hardware\esp8266\2.2.0\libraries\SPI" -I"C:\eclipseArduino\arduinoPlugin\libraries\PubSubClient\2.6.0" -I"C:\eclipseArduino\arduinoPlugin\libraries\PubSubClient\2.6.0\src" -I"C:\eclipseArduino\arduinoPlugin\packages\esp8266\hardware\esp8266\2.2.0\libraries\Ethernet" -I"C:\eclipseArduino\arduinoPlugin\packages\esp8266\hardware\esp8266\2.2.0\libraries\Ethernet\src" -I"C:\eclipseArduino\Project\mqttSubscrise\json_data" -MMD -MP -MF"libraries/Ethernet/src/utility/w5100.cpp.d" -MT"libraries/Ethernet/src/utility/w5100.cpp.o" -D__IN_ECLIPSE__=1 -x c++ "C:/eclipseArduino/arduinoPlugin/packages/esp8266/hardware/esp8266/2.2.0/libraries/Ethernet/src/utility/w5100.cpp"  -o  "libraries/Ethernet/src/utility/w5100.cpp.o"   -Wall
Finished building: C:/eclipseArduino/arduinoPlugin/packages/esp8266/hardware/esp8266/2.2.0/libraries/Ethernet/src/utility/w5100.cpp
 
Building file: C:/eclipseArduino/arduinoPlugin/packages/esp8266/hardware/esp8266/2.2.0/libraries/Ethernet/src/Dhcp.cpp
Starting C++ compile
"C:\eclipseArduino\arduinoPlugin\tools\esp8266\xtensa-lx106-elf-gcc\1.20.0-26-gb404fb9-2/bin/xtensa-lx106-elf-g++" -D__ets__ -DICACHE_FLASH -U__STRICT_ANSI__ "-IC:/eclipseArduino/arduinoPlugin/packages/esp8266/hardware/esp8266/2.2.0/tools/sdk/include" "-IC:/eclipseArduino/arduinoPlugin/packages/esp8266/hardware/esp8266/2.2.0/tools/sdk/lwip/include" -c -Os -g -mlongcalls -mtext-section-literals -fno-exceptions -fno-rtti -falign-functions=4 -std=c++11 -MMD -ffunction-sections -fdata-sections -DF_CPU=80000000L    -DARDUINO=10606 -DARDUINO_ESP8266_ESP12 -DARDUINO_ARCH_ESP8266  -DESP8266   -I"C:\eclipseArduino\arduinoPlugin\packages\esp8266\hardware\esp8266\2.2.0\cores\esp8266" -I"C:\eclipseArduino\arduinoPlugin\packages\esp8266\hardware\esp8266\2.2.0\variants\adafruit" -I"C:\eclipseArduino\arduinoPlugin\packages\esp8266\hardware\esp8266\2.2.0\libraries\SPI" -I"C:\eclipseArduino\arduinoPlugin\libraries\PubSubClient\2.6.0" -I"C:\eclipseArduino\arduinoPlugin\libraries\PubSubClient\2.6.0\src" -I"C:\eclipseArduino\arduinoPlugin\packages\esp8266\hardware\esp8266\2.2.0\libraries\Ethernet" -I"C:\eclipseArduino\arduinoPlugin\packages\esp8266\hardware\esp8266\2.2.0\libraries\Ethernet\src" -I"C:\eclipseArduino\Project\mqttSubscrise\json_data" -MMD -MP -MF"libraries/Ethernet/src/Dhcp.cpp.d" -MT"libraries/Ethernet/src/Dhcp.cpp.o" -D__IN_ECLIPSE__=1 -x c++ "C:/eclipseArduino/arduinoPlugin/packages/esp8266/hardware/esp8266/2.2.0/libraries/Ethernet/src/Dhcp.cpp"  -o  "libraries/Ethernet/src/Dhcp.cpp.o"   -Wall
Finished building: C:/eclipseArduino/arduinoPlugin/packages/esp8266/hardware/esp8266/2.2.0/libraries/Ethernet/src/Dhcp.cpp
 
Building file: C:/eclipseArduino/arduinoPlugin/packages/esp8266/hardware/esp8266/2.2.0/libraries/Ethernet/src/Dns.cpp
Starting C++ compile
"C:\eclipseArduino\arduinoPlugin\tools\esp8266\xtensa-lx106-elf-gcc\1.20.0-26-gb404fb9-2/bin/xtensa-lx106-elf-g++" -D__ets__ -DICACHE_FLASH -U__STRICT_ANSI__ "-IC:/eclipseArduino/arduinoPlugin/packages/esp8266/hardware/esp8266/2.2.0/tools/sdk/include" "-IC:/eclipseArduino/arduinoPlugin/packages/esp8266/hardware/esp8266/2.2.0/tools/sdk/lwip/include" -c -Os -g -mlongcalls -mtext-section-literals -fno-exceptions -fno-rtti -falign-functions=4 -std=c++11 -MMD -ffunction-sections -fdata-sections -DF_CPU=80000000L    -DARDUINO=10606 -DARDUINO_ESP8266_ESP12 -DARDUINO_ARCH_ESP8266  -DESP8266   -I"C:\eclipseArduino\arduinoPlugin\packages\esp8266\hardware\esp8266\2.2.0\cores\esp8266" -I"C:\eclipseArduino\arduinoPlugin\packages\esp8266\hardware\esp8266\2.2.0\variants\adafruit" -I"C:\eclipseArduino\arduinoPlugin\packages\esp8266\hardware\esp8266\2.2.0\libraries\SPI" -I"C:\eclipseArduino\arduinoPlugin\libraries\PubSubClient\2.6.0" -I"C:\eclipseArduino\arduinoPlugin\libraries\PubSubClient\2.6.0\src" -I"C:\eclipseArduino\arduinoPlugin\packages\esp8266\hardware\esp8266\2.2.0\libraries\Ethernet" -I"C:\eclipseArduino\arduinoPlugin\packages\esp8266\hardware\esp8266\2.2.0\libraries\Ethernet\src" -I"C:\eclipseArduino\Project\mqttSubscrise\json_data" -MMD -MP -MF"libraries/Ethernet/src/Dns.cpp.d" -MT"libraries/Ethernet/src/Dns.cpp.o" -D__IN_ECLIPSE__=1 -x c++ "C:/eclipseArduino/arduinoPlugin/packages/esp8266/hardware/esp8266/2.2.0/libraries/Ethernet/src/Dns.cpp"  -o  "libraries/Ethernet/src/Dns.cpp.o"   -Wall
In file included from C:/eclipseArduino/arduinoPlugin/packages/esp8266/hardware/esp8266/2.2.0/libraries/Ethernet/src/Dns.cpp:7:0:
C:/eclipseArduino/arduinoPlugin/packages/esp8266/hardware/esp8266/2.2.0/libraries/Ethernet/src/Dns.cpp: In member function 'uint16_t DNSClient::ProcessResponse(uint16_t, IPAddress&)':
C:/eclipseArduino/arduinoPlugin/packages/esp8266/hardware/esp8266/2.2.0/libraries/Ethernet/src/Dns.cpp:285:58: warning: dereferencing type-punned pointer will break strict-aliasing rules [-Wstrict-aliasing]
     uint16_t header_flags = htons(*((uint16_t*)&header[2]));
                                                          ^
C:/eclipseArduino/arduinoPlugin/packages/esp8266/hardware/esp8266/2.2.0/libraries/Ethernet/src/utility/util.h:4:22: note: in definition of macro 'htons'
 #define htons(x) ( ((x)<< 8 & 0xFF00) | \
                      ^
C:/eclipseArduino/arduinoPlugin/packages/esp8266/hardware/esp8266/2.2.0/libraries/Ethernet/src/Dns.cpp:285:58: warning: dereferencing type-punned pointer will break strict-aliasing rules [-Wstrict-aliasing]
     uint16_t header_flags = htons(*((uint16_t*)&header[2]));
                                                          ^
C:/eclipseArduino/arduinoPlugin/packages/esp8266/hardware/esp8266/2.2.0/libraries/Ethernet/src/utility/util.h:5:22: note: in definition of macro 'htons'
                    ((x)>> 8 & 0x00FF) )
                      ^
C:/eclipseArduino/arduinoPlugin/packages/esp8266/hardware/esp8266/2.2.0/libraries/Ethernet/src/Dns.cpp:287:50: warning: dereferencing type-punned pointer will break strict-aliasing rules [-Wstrict-aliasing]
     if ( ( iRequestId != (*((uint16_t*)&header[0])) ) ||
                                                  ^
In file included from C:/eclipseArduino/arduinoPlugin/packages/esp8266/hardware/esp8266/2.2.0/libraries/Ethernet/src/Dns.cpp:7:0:
C:/eclipseArduino/arduinoPlugin/packages/esp8266/hardware/esp8266/2.2.0/libraries/Ethernet/src/Dns.cpp:304:57: warning: dereferencing type-punned pointer will break strict-aliasing rules [-Wstrict-aliasing]
     uint16_t answerCount = htons(*((uint16_t*)&header[6]));
                                                         ^
C:/eclipseArduino/arduinoPlugin/packages/esp8266/hardware/esp8266/2.2.0/libraries/Ethernet/src/utility/util.h:4:22: note: in definition of macro 'htons'
 #define htons(x) ( ((x)<< 8 & 0xFF00) | \
                      ^
C:/eclipseArduino/arduinoPlugin/packages/esp8266/hardware/esp8266/2.2.0/libraries/Ethernet/src/Dns.cpp:304:57: warning: dereferencing type-punned pointer will break strict-aliasing rules [-Wstrict-aliasing]
     uint16_t answerCount = htons(*((uint16_t*)&header[6]));
                                                         ^
C:/eclipseArduino/arduinoPlugin/packages/esp8266/hardware/esp8266/2.2.0/libraries/Ethernet/src/utility/util.h:5:22: note: in definition of macro 'htons'
                    ((x)>> 8 & 0x00FF) )
                      ^
C:/eclipseArduino/arduinoPlugin/packages/esp8266/hardware/esp8266/2.2.0/libraries/Ethernet/src/Dns.cpp:313:58: warning: dereferencing type-punned pointer will break strict-aliasing rules [-Wstrict-aliasing]
     for (uint16_t i =0; i < htons(*((uint16_t*)&header[4])); i++)
                                                          ^
C:/eclipseArduino/arduinoPlugin/packages/esp8266/hardware/esp8266/2.2.0/libraries/Ethernet/src/utility/util.h:4:22: note: in definition of macro 'htons'
 #define htons(x) ( ((x)<< 8 & 0xFF00) | \
                      ^
C:/eclipseArduino/arduinoPlugin/packages/esp8266/hardware/esp8266/2.2.0/libraries/Ethernet/src/Dns.cpp:313:58: warning: dereferencing type-punned pointer will break strict-aliasing rules [-Wstrict-aliasing]
     for (uint16_t i =0; i < htons(*((uint16_t*)&header[4])); i++)
                                                          ^
C:/eclipseArduino/arduinoPlugin/packages/esp8266/hardware/esp8266/2.2.0/libraries/Ethernet/src/utility/util.h:5:22: note: in definition of macro 'htons'
                    ((x)>> 8 & 0x00FF) )
                      ^
Finished building: C:/eclipseArduino/arduinoPlugin/packages/esp8266/hardware/esp8266/2.2.0/libraries/Ethernet/src/Dns.cpp
 
Building file: C:/eclipseArduino/arduinoPlugin/packages/esp8266/hardware/esp8266/2.2.0/libraries/Ethernet/src/Ethernet.cpp
Starting C++ compile
"C:\eclipseArduino\arduinoPlugin\tools\esp8266\xtensa-lx106-elf-gcc\1.20.0-26-gb404fb9-2/bin/xtensa-lx106-elf-g++" -D__ets__ -DICACHE_FLASH -U__STRICT_ANSI__ "-IC:/eclipseArduino/arduinoPlugin/packages/esp8266/hardware/esp8266/2.2.0/tools/sdk/include" "-IC:/eclipseArduino/arduinoPlugin/packages/esp8266/hardware/esp8266/2.2.0/tools/sdk/lwip/include" -c -Os -g -mlongcalls -mtext-section-literals -fno-exceptions -fno-rtti -falign-functions=4 -std=c++11 -MMD -ffunction-sections -fdata-sections -DF_CPU=80000000L    -DARDUINO=10606 -DARDUINO_ESP8266_ESP12 -DARDUINO_ARCH_ESP8266  -DESP8266   -I"C:\eclipseArduino\arduinoPlugin\packages\esp8266\hardware\esp8266\2.2.0\cores\esp8266" -I"C:\eclipseArduino\arduinoPlugin\packages\esp8266\hardware\esp8266\2.2.0\variants\adafruit" -I"C:\eclipseArduino\arduinoPlugin\packages\esp8266\hardware\esp8266\2.2.0\libraries\SPI" -I"C:\eclipseArduino\arduinoPlugin\libraries\PubSubClient\2.6.0" -I"C:\eclipseArduino\arduinoPlugin\libraries\PubSubClient\2.6.0\src" -I"C:\eclipseArduino\arduinoPlugin\packages\esp8266\hardware\esp8266\2.2.0\libraries\Ethernet" -I"C:\eclipseArduino\arduinoPlugin\packages\esp8266\hardware\esp8266\2.2.0\libraries\Ethernet\src" -I"C:\eclipseArduino\Project\mqttSubscrise\json_data" -MMD -MP -MF"libraries/Ethernet/src/Ethernet.cpp.d" -MT"libraries/Ethernet/src/Ethernet.cpp.o" -D__IN_ECLIPSE__=1 -x c++ "C:/eclipseArduino/arduinoPlugin/packages/esp8266/hardware/esp8266/2.2.0/libraries/Ethernet/src/Ethernet.cpp"  -o  "libraries/Ethernet/src/Ethernet.cpp.o"   -Wall
Finished building: C:/eclipseArduino/arduinoPlugin/packages/esp8266/hardware/esp8266/2.2.0/libraries/Ethernet/src/Ethernet.cpp
 
Building file: C:/eclipseArduino/arduinoPlugin/packages/esp8266/hardware/esp8266/2.2.0/libraries/Ethernet/src/EthernetClient.cpp
Starting C++ compile
"C:\eclipseArduino\arduinoPlugin\tools\esp8266\xtensa-lx106-elf-gcc\1.20.0-26-gb404fb9-2/bin/xtensa-lx106-elf-g++" -D__ets__ -DICACHE_FLASH -U__STRICT_ANSI__ "-IC:/eclipseArduino/arduinoPlugin/packages/esp8266/hardware/esp8266/2.2.0/tools/sdk/include" "-IC:/eclipseArduino/arduinoPlugin/packages/esp8266/hardware/esp8266/2.2.0/tools/sdk/lwip/include" -c -Os -g -mlongcalls -mtext-section-literals -fno-exceptions -fno-rtti -falign-functions=4 -std=c++11 -MMD -ffunction-sections -fdata-sections -DF_CPU=80000000L    -DARDUINO=10606 -DARDUINO_ESP8266_ESP12 -DARDUINO_ARCH_ESP8266  -DESP8266   -I"C:\eclipseArduino\arduinoPlugin\packages\esp8266\hardware\esp8266\2.2.0\cores\esp8266" -I"C:\eclipseArduino\arduinoPlugin\packages\esp8266\hardware\esp8266\2.2.0\variants\adafruit" -I"C:\eclipseArduino\arduinoPlugin\packages\esp8266\hardware\esp8266\2.2.0\libraries\SPI" -I"C:\eclipseArduino\arduinoPlugin\libraries\PubSubClient\2.6.0" -I"C:\eclipseArduino\arduinoPlugin\libraries\PubSubClient\2.6.0\src" -I"C:\eclipseArduino\arduinoPlugin\packages\esp8266\hardware\esp8266\2.2.0\libraries\Ethernet" -I"C:\eclipseArduino\arduinoPlugin\packages\esp8266\hardware\esp8266\2.2.0\libraries\Ethernet\src" -I"C:\eclipseArduino\Project\mqttSubscrise\json_data" -MMD -MP -MF"libraries/Ethernet/src/EthernetClient.cpp.d" -MT"libraries/Ethernet/src/EthernetClient.cpp.o" -D__IN_ECLIPSE__=1 -x c++ "C:/eclipseArduino/arduinoPlugin/packages/esp8266/hardware/esp8266/2.2.0/libraries/Ethernet/src/EthernetClient.cpp"  -o  "libraries/Ethernet/src/EthernetClient.cpp.o"   -Wall
Finished building: C:/eclipseArduino/arduinoPlugin/packages/esp8266/hardware/esp8266/2.2.0/libraries/Ethernet/src/EthernetClient.cpp
 
Building file: C:/eclipseArduino/arduinoPlugin/packages/esp8266/hardware/esp8266/2.2.0/libraries/Ethernet/src/EthernetServer.cpp
Starting C++ compile
"C:\eclipseArduino\arduinoPlugin\tools\esp8266\xtensa-lx106-elf-gcc\1.20.0-26-gb404fb9-2/bin/xtensa-lx106-elf-g++" -D__ets__ -DICACHE_FLASH -U__STRICT_ANSI__ "-IC:/eclipseArduino/arduinoPlugin/packages/esp8266/hardware/esp8266/2.2.0/tools/sdk/include" "-IC:/eclipseArduino/arduinoPlugin/packages/esp8266/hardware/esp8266/2.2.0/tools/sdk/lwip/include" -c -Os -g -mlongcalls -mtext-section-literals -fno-exceptions -fno-rtti -falign-functions=4 -std=c++11 -MMD -ffunction-sections -fdata-sections -DF_CPU=80000000L    -DARDUINO=10606 -DARDUINO_ESP8266_ESP12 -DARDUINO_ARCH_ESP8266  -DESP8266   -I"C:\eclipseArduino\arduinoPlugin\packages\esp8266\hardware\esp8266\2.2.0\cores\esp8266" -I"C:\eclipseArduino\arduinoPlugin\packages\esp8266\hardware\esp8266\2.2.0\variants\adafruit" -I"C:\eclipseArduino\arduinoPlugin\packages\esp8266\hardware\esp8266\2.2.0\libraries\SPI" -I"C:\eclipseArduino\arduinoPlugin\libraries\PubSubClient\2.6.0" -I"C:\eclipseArduino\arduinoPlugin\libraries\PubSubClient\2.6.0\src" -I"C:\eclipseArduino\arduinoPlugin\packages\esp8266\hardware\esp8266\2.2.0\libraries\Ethernet" -I"C:\eclipseArduino\arduinoPlugin\packages\esp8266\hardware\esp8266\2.2.0\libraries\Ethernet\src" -I"C:\eclipseArduino\Project\mqttSubscrise\json_data" -MMD -MP -MF"libraries/Ethernet/src/EthernetServer.cpp.d" -MT"libraries/Ethernet/src/EthernetServer.cpp.o" -D__IN_ECLIPSE__=1 -x c++ "C:/eclipseArduino/arduinoPlugin/packages/esp8266/hardware/esp8266/2.2.0/libraries/Ethernet/src/EthernetServer.cpp"  -o  "libraries/Ethernet/src/EthernetServer.cpp.o"   -Wall
Finished building: C:/eclipseArduino/arduinoPlugin/packages/esp8266/hardware/esp8266/2.2.0/libraries/Ethernet/src/EthernetServer.cpp
 
Building file: C:/eclipseArduino/arduinoPlugin/packages/esp8266/hardware/esp8266/2.2.0/libraries/Ethernet/src/EthernetUdp.cpp
Starting C++ compile
"C:\eclipseArduino\arduinoPlugin\tools\esp8266\xtensa-lx106-elf-gcc\1.20.0-26-gb404fb9-2/bin/xtensa-lx106-elf-g++" -D__ets__ -DICACHE_FLASH -U__STRICT_ANSI__ "-IC:/eclipseArduino/arduinoPlugin/packages/esp8266/hardware/esp8266/2.2.0/tools/sdk/include" "-IC:/eclipseArduino/arduinoPlugin/packages/esp8266/hardware/esp8266/2.2.0/tools/sdk/lwip/include" -c -Os -g -mlongcalls -mtext-section-literals -fno-exceptions -fno-rtti -falign-functions=4 -std=c++11 -MMD -ffunction-sections -fdata-sections -DF_CPU=80000000L    -DARDUINO=10606 -DARDUINO_ESP8266_ESP12 -DARDUINO_ARCH_ESP8266  -DESP8266   -I"C:\eclipseArduino\arduinoPlugin\packages\esp8266\hardware\esp8266\2.2.0\cores\esp8266" -I"C:\eclipseArduino\arduinoPlugin\packages\esp8266\hardware\esp8266\2.2.0\variants\adafruit" -I"C:\eclipseArduino\arduinoPlugin\packages\esp8266\hardware\esp8266\2.2.0\libraries\SPI" -I"C:\eclipseArduino\arduinoPlugin\libraries\PubSubClient\2.6.0" -I"C:\eclipseArduino\arduinoPlugin\libraries\PubSubClient\2.6.0\src" -I"C:\eclipseArduino\arduinoPlugin\packages\esp8266\hardware\esp8266\2.2.0\libraries\Ethernet" -I"C:\eclipseArduino\arduinoPlugin\packages\esp8266\hardware\esp8266\2.2.0\libraries\Ethernet\src" -I"C:\eclipseArduino\Project\mqttSubscrise\json_data" -MMD -MP -MF"libraries/Ethernet/src/EthernetUdp.cpp.d" -MT"libraries/Ethernet/src/EthernetUdp.cpp.o" -D__IN_ECLIPSE__=1 -x c++ "C:/eclipseArduino/arduinoPlugin/packages/esp8266/hardware/esp8266/2.2.0/libraries/Ethernet/src/EthernetUdp.cpp"  -o  "libraries/Ethernet/src/EthernetUdp.cpp.o"   -Wall
Finished building: C:/eclipseArduino/arduinoPlugin/packages/esp8266/hardware/esp8266/2.2.0/libraries/Ethernet/src/EthernetUdp.cpp
 
Building file: C:/eclipseArduino/Project/mqttSubscrise/json_data/util/GeometryHelper.cpp
Starting C++ compile
"C:\eclipseArduino\arduinoPlugin\tools\esp8266\xtensa-lx106-elf-gcc\1.20.0-26-gb404fb9-2/bin/xtensa-lx106-elf-g++" -D__ets__ -DICACHE_FLASH -U__STRICT_ANSI__ "-IC:/eclipseArduino/arduinoPlugin/packages/esp8266/hardware/esp8266/2.2.0/tools/sdk/include" "-IC:/eclipseArduino/arduinoPlugin/packages/esp8266/hardware/esp8266/2.2.0/tools/sdk/lwip/include" -c -Os -g -mlongcalls -mtext-section-literals -fno-exceptions -fno-rtti -falign-functions=4 -std=c++11 -MMD -ffunction-sections -fdata-sections -DF_CPU=80000000L    -DARDUINO=10606 -DARDUINO_ESP8266_ESP12 -DARDUINO_ARCH_ESP8266  -DESP8266   -I"C:\eclipseArduino\arduinoPlugin\packages\esp8266\hardware\esp8266\2.2.0\cores\esp8266" -I"C:\eclipseArduino\arduinoPlugin\packages\esp8266\hardware\esp8266\2.2.0\variants\adafruit" -I"C:\eclipseArduino\arduinoPlugin\packages\esp8266\hardware\esp8266\2.2.0\libraries\SPI" -I"C:\eclipseArduino\arduinoPlugin\libraries\PubSubClient\2.6.0" -I"C:\eclipseArduino\arduinoPlugin\libraries\PubSubClient\2.6.0\src" -I"C:\eclipseArduino\arduinoPlugin\packages\esp8266\hardware\esp8266\2.2.0\libraries\Ethernet" -I"C:\eclipseArduino\arduinoPlugin\packages\esp8266\hardware\esp8266\2.2.0\libraries\Ethernet\src" -I"C:\eclipseArduino\Project\mqttSubscrise\json_data" -MMD -MP -MF"json_data/util/GeometryHelper.cpp.d" -MT"json_data/util/GeometryHelper.cpp.o" -D__IN_ECLIPSE__=1 -x c++ "C:/eclipseArduino/Project/mqttSubscrise/json_data/util/GeometryHelper.cpp"  -o  "json_data/util/GeometryHelper.cpp.o"   -Wall
Finished building: C:/eclipseArduino/Project/mqttSubscrise/json_data/util/GeometryHelper.cpp
 
Building file: C:/eclipseArduino/Project/mqttSubscrise/json_data/third-party/tinyxml/tinystr.cpp
Starting C++ compile
"C:\eclipseArduino\arduinoPlugin\tools\esp8266\xtensa-lx106-elf-gcc\1.20.0-26-gb404fb9-2/bin/xtensa-lx106-elf-g++" -D__ets__ -DICACHE_FLASH -U__STRICT_ANSI__ "-IC:/eclipseArduino/arduinoPlugin/packages/esp8266/hardware/esp8266/2.2.0/tools/sdk/include" "-IC:/eclipseArduino/arduinoPlugin/packages/esp8266/hardware/esp8266/2.2.0/tools/sdk/lwip/include" -c -Os -g -mlongcalls -mtext-section-literals -fno-exceptions -fno-rtti -falign-functions=4 -std=c++11 -MMD -ffunction-sections -fdata-sections -DF_CPU=80000000L    -DARDUINO=10606 -DARDUINO_ESP8266_ESP12 -DARDUINO_ARCH_ESP8266  -DESP8266   -I"C:\eclipseArduino\arduinoPlugin\packages\esp8266\hardware\esp8266\2.2.0\cores\esp8266" -I"C:\eclipseArduino\arduinoPlugin\packages\esp8266\hardware\esp8266\2.2.0\variants\adafruit" -I"C:\eclipseArduino\arduinoPlugin\packages\esp8266\hardware\esp8266\2.2.0\libraries\SPI" -I"C:\eclipseArduino\arduinoPlugin\libraries\PubSubClient\2.6.0" -I"C:\eclipseArduino\arduinoPlugin\libraries\PubSubClient\2.6.0\src" -I"C:\eclipseArduino\arduinoPlugin\packages\esp8266\hardware\esp8266\2.2.0\libraries\Ethernet" -I"C:\eclipseArduino\arduinoPlugin\packages\esp8266\hardware\esp8266\2.2.0\libraries\Ethernet\src" -I"C:\eclipseArduino\Project\mqttSubscrise\json_data" -MMD -MP -MF"json_data/third-party/tinyxml/tinystr.cpp.d" -MT"json_data/third-party/tinyxml/tinystr.cpp.o" -D__IN_ECLIPSE__=1 -x c++ "C:/eclipseArduino/Project/mqttSubscrise/json_data/third-party/tinyxml/tinystr.cpp"  -o  "json_data/third-party/tinyxml/tinystr.cpp.o"   -Wall
Finished building: C:/eclipseArduino/Project/mqttSubscrise/json_data/third-party/tinyxml/tinystr.cpp
 
Building file: C:/eclipseArduino/Project/mqttSubscrise/json_data/third-party/tinyxml/tinyxml.cpp
Starting C++ compile
"C:\eclipseArduino\arduinoPlugin\tools\esp8266\xtensa-lx106-elf-gcc\1.20.0-26-gb404fb9-2/bin/xtensa-lx106-elf-g++" -D__ets__ -DICACHE_FLASH -U__STRICT_ANSI__ "-IC:/eclipseArduino/arduinoPlugin/packages/esp8266/hardware/esp8266/2.2.0/tools/sdk/include" "-IC:/eclipseArduino/arduinoPlugin/packages/esp8266/hardware/esp8266/2.2.0/tools/sdk/lwip/include" -c -Os -g -mlongcalls -mtext-section-literals -fno-exceptions -fno-rtti -falign-functions=4 -std=c++11 -MMD -ffunction-sections -fdata-sections -DF_CPU=80000000L    -DARDUINO=10606 -DARDUINO_ESP8266_ESP12 -DARDUINO_ARCH_ESP8266  -DESP8266   -I"C:\eclipseArduino\arduinoPlugin\packages\esp8266\hardware\esp8266\2.2.0\cores\esp8266" -I"C:\eclipseArduino\arduinoPlugin\packages\esp8266\hardware\esp8266\2.2.0\variants\adafruit" -I"C:\eclipseArduino\arduinoPlugin\packages\esp8266\hardware\esp8266\2.2.0\libraries\SPI" -I"C:\eclipseArduino\arduinoPlugin\libraries\PubSubClient\2.6.0" -I"C:\eclipseArduino\arduinoPlugin\libraries\PubSubClient\2.6.0\src" -I"C:\eclipseArduino\arduinoPlugin\packages\esp8266\hardware\esp8266\2.2.0\libraries\Ethernet" -I"C:\eclipseArduino\arduinoPlugin\packages\esp8266\hardware\esp8266\2.2.0\libraries\Ethernet\src" -I"C:\eclipseArduino\Project\mqttSubscrise\json_data" -MMD -MP -MF"json_data/third-party/tinyxml/tinyxml.cpp.d" -MT"json_data/third-party/tinyxml/tinyxml.cpp.o" -D__IN_ECLIPSE__=1 -x c++ "C:/eclipseArduino/Project/mqttSubscrise/json_data/third-party/tinyxml/tinyxml.cpp"  -o  "json_data/third-party/tinyxml/tinyxml.cpp.o"   -Wall
Finished building: C:/eclipseArduino/Project/mqttSubscrise/json_data/third-party/tinyxml/tinyxml.cpp
 
Building file: C:/eclipseArduino/Project/mqttSubscrise/json_data/third-party/tinyxml/tinyxmlerror.cpp
Starting C++ compile
"C:\eclipseArduino\arduinoPlugin\tools\esp8266\xtensa-lx106-elf-gcc\1.20.0-26-gb404fb9-2/bin/xtensa-lx106-elf-g++" -D__ets__ -DICACHE_FLASH -U__STRICT_ANSI__ "-IC:/eclipseArduino/arduinoPlugin/packages/esp8266/hardware/esp8266/2.2.0/tools/sdk/include" "-IC:/eclipseArduino/arduinoPlugin/packages/esp8266/hardware/esp8266/2.2.0/tools/sdk/lwip/include" -c -Os -g -mlongcalls -mtext-section-literals -fno-exceptions -fno-rtti -falign-functions=4 -std=c++11 -MMD -ffunction-sections -fdata-sections -DF_CPU=80000000L    -DARDUINO=10606 -DARDUINO_ESP8266_ESP12 -DARDUINO_ARCH_ESP8266  -DESP8266   -I"C:\eclipseArduino\arduinoPlugin\packages\esp8266\hardware\esp8266\2.2.0\cores\esp8266" -I"C:\eclipseArduino\arduinoPlugin\packages\esp8266\hardware\esp8266\2.2.0\variants\adafruit" -I"C:\eclipseArduino\arduinoPlugin\packages\esp8266\hardware\esp8266\2.2.0\libraries\SPI" -I"C:\eclipseArduino\arduinoPlugin\libraries\PubSubClient\2.6.0" -I"C:\eclipseArduino\arduinoPlugin\libraries\PubSubClient\2.6.0\src" -I"C:\eclipseArduino\arduinoPlugin\packages\esp8266\hardware\esp8266\2.2.0\libraries\Ethernet" -I"C:\eclipseArduino\arduinoPlugin\packages\esp8266\hardware\esp8266\2.2.0\libraries\Ethernet\src" -I"C:\eclipseArduino\Project\mqttSubscrise\json_data" -MMD -MP -MF"json_data/third-party/tinyxml/tinyxmlerror.cpp.d" -MT"json_data/third-party/tinyxml/tinyxmlerror.cpp.o" -D__IN_ECLIPSE__=1 -x c++ "C:/eclipseArduino/Project/mqttSubscrise/json_data/third-party/tinyxml/tinyxmlerror.cpp"  -o  "json_data/third-party/tinyxml/tinyxmlerror.cpp.o"   -Wall
Finished building: C:/eclipseArduino/Project/mqttSubscrise/json_data/third-party/tinyxml/tinyxmlerror.cpp
 
Building file: C:/eclipseArduino/Project/mqttSubscrise/json_data/third-party/tinyxml/tinyxmlparser.cpp
Starting C++ compile
"C:\eclipseArduino\arduinoPlugin\tools\esp8266\xtensa-lx106-elf-gcc\1.20.0-26-gb404fb9-2/bin/xtensa-lx106-elf-g++" -D__ets__ -DICACHE_FLASH -U__STRICT_ANSI__ "-IC:/eclipseArduino/arduinoPlugin/packages/esp8266/hardware/esp8266/2.2.0/tools/sdk/include" "-IC:/eclipseArduino/arduinoPlugin/packages/esp8266/hardware/esp8266/2.2.0/tools/sdk/lwip/include" -c -Os -g -mlongcalls -mtext-section-literals -fno-exceptions -fno-rtti -falign-functions=4 -std=c++11 -MMD -ffunction-sections -fdata-sections -DF_CPU=80000000L    -DARDUINO=10606 -DARDUINO_ESP8266_ESP12 -DARDUINO_ARCH_ESP8266  -DESP8266   -I"C:\eclipseArduino\arduinoPlugin\packages\esp8266\hardware\esp8266\2.2.0\cores\esp8266" -I"C:\eclipseArduino\arduinoPlugin\packages\esp8266\hardware\esp8266\2.2.0\variants\adafruit" -I"C:\eclipseArduino\arduinoPlugin\packages\esp8266\hardware\esp8266\2.2.0\libraries\SPI" -I"C:\eclipseArduino\arduinoPlugin\libraries\PubSubClient\2.6.0" -I"C:\eclipseArduino\arduinoPlugin\libraries\PubSubClient\2.6.0\src" -I"C:\eclipseArduino\arduinoPlugin\packages\esp8266\hardware\esp8266\2.2.0\libraries\Ethernet" -I"C:\eclipseArduino\arduinoPlugin\packages\esp8266\hardware\esp8266\2.2.0\libraries\Ethernet\src" -I"C:\eclipseArduino\Project\mqttSubscrise\json_data" -MMD -MP -MF"json_data/third-party/tinyxml/tinyxmlparser.cpp.d" -MT"json_data/third-party/tinyxml/tinyxmlparser.cpp.o" -D__IN_ECLIPSE__=1 -x c++ "C:/eclipseArduino/Project/mqttSubscrise/json_data/third-party/tinyxml/tinyxmlparser.cpp"  -o  "json_data/third-party/tinyxml/tinyxmlparser.cpp.o"   -Wall
Finished building: C:/eclipseArduino/Project/mqttSubscrise/json_data/third-party/tinyxml/tinyxmlparser.cpp
 
Building file: C:/eclipseArduino/Project/mqttSubscrise/json_data/third-party/parson/parson.c
Starting C compile
"C:\eclipseArduino\arduinoPlugin\tools\esp8266\xtensa-lx106-elf-gcc\1.20.0-26-gb404fb9-2/bin/xtensa-lx106-elf-gcc" -D__ets__ -DICACHE_FLASH -U__STRICT_ANSI__ "-IC:/eclipseArduino/arduinoPlugin/packages/esp8266/hardware/esp8266/2.2.0/tools/sdk/include" "-IC:/eclipseArduino/arduinoPlugin/packages/esp8266/hardware/esp8266/2.2.0/tools/sdk/lwip/include" -c -Os -g -Wpointer-arith -Wno-implicit-function-declaration -Wl,-EL -fno-inline-functions -nostdlib -mlongcalls -mtext-section-literals -falign-functions=4 -MMD -std=gnu99 -ffunction-sections -fdata-sections -DF_CPU=80000000L    -DARDUINO=10606 -DARDUINO_ESP8266_ESP12 -DARDUINO_ARCH_ESP8266  -DESP8266   -I"C:\eclipseArduino\arduinoPlugin\packages\esp8266\hardware\esp8266\2.2.0\cores\esp8266" -I"C:\eclipseArduino\arduinoPlugin\packages\esp8266\hardware\esp8266\2.2.0\variants\adafruit" -I"C:\eclipseArduino\arduinoPlugin\packages\esp8266\hardware\esp8266\2.2.0\libraries\SPI" -I"C:\eclipseArduino\arduinoPlugin\libraries\PubSubClient\2.6.0" -I"C:\eclipseArduino\arduinoPlugin\libraries\PubSubClient\2.6.0\src" -I"C:\eclipseArduino\arduinoPlugin\packages\esp8266\hardware\esp8266\2.2.0\libraries\Ethernet" -I"C:\eclipseArduino\arduinoPlugin\packages\esp8266\hardware\esp8266\2.2.0\libraries\Ethernet\src" -I"C:\eclipseArduino\Project\mqttSubscrise\json_data" -MMD -MP -MF"json_data/third-party/parson/parson.c.d" -MT"json_data/third-party/parson/parson.c.o" -D__IN_ECLIPSE__=1 "C:/eclipseArduino/Project/mqttSubscrise/json_data/third-party/parson/parson.c"  -o  "json_data/third-party/parson/parson.c.o"   -Wall
C:/eclipseArduino/Project/mqttSubscrise/json_data/third-party/parson/parson.c: In function 'is_utf':
C:/eclipseArduino/Project/mqttSubscrise/json_data/third-party/parson/parson.c:290:5: warning: array subscript has type 'char' [-Wchar-subscripts]
     if (!isxdigit(string[0])) { return 0; }
     ^
C:/eclipseArduino/Project/mqttSubscrise/json_data/third-party/parson/parson.c:291:5: warning: array subscript has type 'char' [-Wchar-subscripts]
     if (!isxdigit(string[1])) { return 0; }
     ^
C:/eclipseArduino/Project/mqttSubscrise/json_data/third-party/parson/parson.c:292:5: warning: array subscript has type 'char' [-Wchar-subscripts]
     if (!isxdigit(string[2])) { return 0; }
     ^
C:/eclipseArduino/Project/mqttSubscrise/json_data/third-party/parson/parson.c:293:5: warning: array subscript has type 'char' [-Wchar-subscripts]
     if (!isxdigit(string[3])) { return 0; }
     ^
C:/eclipseArduino/Project/mqttSubscrise/json_data/third-party/parson/parson.c: In function 'parse_escaped_characters':
C:/eclipseArduino/Project/mqttSubscrise/json_data/third-party/parson/parson.c:347:9: warning: array subscript has type 'char' [-Wchar-subscripts]
         } else if (iscntrl(current_char)) { /* no control characters allowed */
         ^
Finished building: C:/eclipseArduino/Project/mqttSubscrise/json_data/third-party/parson/parson.c
 
Building file: C:/eclipseArduino/Project/mqttSubscrise/json_data/third-party/open-ctm/liblzma/Alloc.c
Starting C compile
"C:\eclipseArduino\arduinoPlugin\tools\esp8266\xtensa-lx106-elf-gcc\1.20.0-26-gb404fb9-2/bin/xtensa-lx106-elf-gcc" -D__ets__ -DICACHE_FLASH -U__STRICT_ANSI__ "-IC:/eclipseArduino/arduinoPlugin/packages/esp8266/hardware/esp8266/2.2.0/tools/sdk/include" "-IC:/eclipseArduino/arduinoPlugin/packages/esp8266/hardware/esp8266/2.2.0/tools/sdk/lwip/include" -c -Os -g -Wpointer-arith -Wno-implicit-function-declaration -Wl,-EL -fno-inline-functions -nostdlib -mlongcalls -mtext-section-literals -falign-functions=4 -MMD -std=gnu99 -ffunction-sections -fdata-sections -DF_CPU=80000000L    -DARDUINO=10606 -DARDUINO_ESP8266_ESP12 -DARDUINO_ARCH_ESP8266  -DESP8266   -I"C:\eclipseArduino\arduinoPlugin\packages\esp8266\hardware\esp8266\2.2.0\cores\esp8266" -I"C:\eclipseArduino\arduinoPlugin\packages\esp8266\hardware\esp8266\2.2.0\variants\adafruit" -I"C:\eclipseArduino\arduinoPlugin\packages\esp8266\hardware\esp8266\2.2.0\libraries\SPI" -I"C:\eclipseArduino\arduinoPlugin\libraries\PubSubClient\2.6.0" -I"C:\eclipseArduino\arduinoPlugin\libraries\PubSubClient\2.6.0\src" -I"C:\eclipseArduino\arduinoPlugin\packages\esp8266\hardware\esp8266\2.2.0\libraries\Ethernet" -I"C:\eclipseArduino\arduinoPlugin\packages\esp8266\hardware\esp8266\2.2.0\libraries\Ethernet\src" -I"C:\eclipseArduino\Project\mqttSubscrise\json_data" -MMD -MP -MF"json_data/third-party/open-ctm/liblzma/Alloc.c.d" -MT"json_data/third-party/open-ctm/liblzma/Alloc.c.o" -D__IN_ECLIPSE__=1 "C:/eclipseArduino/Project/mqttSubscrise/json_data/third-party/open-ctm/liblzma/Alloc.c"  -o  "json_data/third-party/open-ctm/liblzma/Alloc.c.o"   -Wall
Finished building: C:/eclipseArduino/Project/mqttSubscrise/json_data/third-party/open-ctm/liblzma/Alloc.c
 
Building file: C:/eclipseArduino/Project/mqttSubscrise/json_data/third-party/open-ctm/liblzma/LzFind.c
Starting C compile
"C:\eclipseArduino\arduinoPlugin\tools\esp8266\xtensa-lx106-elf-gcc\1.20.0-26-gb404fb9-2/bin/xtensa-lx106-elf-gcc" -D__ets__ -DICACHE_FLASH -U__STRICT_ANSI__ "-IC:/eclipseArduino/arduinoPlugin/packages/esp8266/hardware/esp8266/2.2.0/tools/sdk/include" "-IC:/eclipseArduino/arduinoPlugin/packages/esp8266/hardware/esp8266/2.2.0/tools/sdk/lwip/include" -c -Os -g -Wpointer-arith -Wno-implicit-function-declaration -Wl,-EL -fno-inline-functions -nostdlib -mlongcalls -mtext-section-literals -falign-functions=4 -MMD -std=gnu99 -ffunction-sections -fdata-sections -DF_CPU=80000000L    -DARDUINO=10606 -DARDUINO_ESP8266_ESP12 -DARDUINO_ARCH_ESP8266  -DESP8266   -I"C:\eclipseArduino\arduinoPlugin\packages\esp8266\hardware\esp8266\2.2.0\cores\esp8266" -I"C:\eclipseArduino\arduinoPlugin\packages\esp8266\hardware\esp8266\2.2.0\variants\adafruit" -I"C:\eclipseArduino\arduinoPlugin\packages\esp8266\hardware\esp8266\2.2.0\libraries\SPI" -I"C:\eclipseArduino\arduinoPlugin\libraries\PubSubClient\2.6.0" -I"C:\eclipseArduino\arduinoPlugin\libraries\PubSubClient\2.6.0\src" -I"C:\eclipseArduino\arduinoPlugin\packages\esp8266\hardware\esp8266\2.2.0\libraries\Ethernet" -I"C:\eclipseArduino\arduinoPlugin\packages\esp8266\hardware\esp8266\2.2.0\libraries\Ethernet\src" -I"C:\eclipseArduino\Project\mqttSubscrise\json_data" -MMD -MP -MF"json_data/third-party/open-ctm/liblzma/LzFind.c.d" -MT"json_data/third-party/open-ctm/liblzma/LzFind.c.o" -D__IN_ECLIPSE__=1 "C:/eclipseArduino/Project/mqttSubscrise/json_data/third-party/open-ctm/liblzma/LzFind.c"  -o  "json_data/third-party/open-ctm/liblzma/LzFind.c.o"   -Wall
Finished building: C:/eclipseArduino/Project/mqttSubscrise/json_data/third-party/open-ctm/liblzma/LzFind.c
 
Building file: C:/eclipseArduino/Project/mqttSubscrise/json_data/third-party/open-ctm/liblzma/LzmaDec.c
Starting C compile
"C:\eclipseArduino\arduinoPlugin\tools\esp8266\xtensa-lx106-elf-gcc\1.20.0-26-gb404fb9-2/bin/xtensa-lx106-elf-gcc" -D__ets__ -DICACHE_FLASH -U__STRICT_ANSI__ "-IC:/eclipseArduino/arduinoPlugin/packages/esp8266/hardware/esp8266/2.2.0/tools/sdk/include" "-IC:/eclipseArduino/arduinoPlugin/packages/esp8266/hardware/esp8266/2.2.0/tools/sdk/lwip/include" -c -Os -g -Wpointer-arith -Wno-implicit-function-declaration -Wl,-EL -fno-inline-functions -nostdlib -mlongcalls -mtext-section-literals -falign-functions=4 -MMD -std=gnu99 -ffunction-sections -fdata-sections -DF_CPU=80000000L    -DARDUINO=10606 -DARDUINO_ESP8266_ESP12 -DARDUINO_ARCH_ESP8266  -DESP8266   -I"C:\eclipseArduino\arduinoPlugin\packages\esp8266\hardware\esp8266\2.2.0\cores\esp8266" -I"C:\eclipseArduino\arduinoPlugin\packages\esp8266\hardware\esp8266\2.2.0\variants\adafruit" -I"C:\eclipseArduino\arduinoPlugin\packages\esp8266\hardware\esp8266\2.2.0\libraries\SPI" -I"C:\eclipseArduino\arduinoPlugin\libraries\PubSubClient\2.6.0" -I"C:\eclipseArduino\arduinoPlugin\libraries\PubSubClient\2.6.0\src" -I"C:\eclipseArduino\arduinoPlugin\packages\esp8266\hardware\esp8266\2.2.0\libraries\Ethernet" -I"C:\eclipseArduino\arduinoPlugin\packages\esp8266\hardware\esp8266\2.2.0\libraries\Ethernet\src" -I"C:\eclipseArduino\Project\mqttSubscrise\json_data" -MMD -MP -MF"json_data/third-party/open-ctm/liblzma/LzmaDec.c.d" -MT"json_data/third-party/open-ctm/liblzma/LzmaDec.c.o" -D__IN_ECLIPSE__=1 "C:/eclipseArduino/Project/mqttSubscrise/json_data/third-party/open-ctm/liblzma/LzmaDec.c"  -o  "json_data/third-party/open-ctm/liblzma/LzmaDec.c.o"   -Wall
Finished building: C:/eclipseArduino/Project/mqttSubscrise/json_data/third-party/open-ctm/liblzma/LzmaDec.c
 
Building file: C:/eclipseArduino/Project/mqttSubscrise/json_data/third-party/open-ctm/liblzma/LzmaEnc.c
Starting C compile
"C:\eclipseArduino\arduinoPlugin\tools\esp8266\xtensa-lx106-elf-gcc\1.20.0-26-gb404fb9-2/bin/xtensa-lx106-elf-gcc" -D__ets__ -DICACHE_FLASH -U__STRICT_ANSI__ "-IC:/eclipseArduino/arduinoPlugin/packages/esp8266/hardware/esp8266/2.2.0/tools/sdk/include" "-IC:/eclipseArduino/arduinoPlugin/packages/esp8266/hardware/esp8266/2.2.0/tools/sdk/lwip/include" -c -Os -g -Wpointer-arith -Wno-implicit-function-declaration -Wl,-EL -fno-inline-functions -nostdlib -mlongcalls -mtext-section-literals -falign-functions=4 -MMD -std=gnu99 -ffunction-sections -fdata-sections -DF_CPU=80000000L    -DARDUINO=10606 -DARDUINO_ESP8266_ESP12 -DARDUINO_ARCH_ESP8266  -DESP8266   -I"C:\eclipseArduino\arduinoPlugin\packages\esp8266\hardware\esp8266\2.2.0\cores\esp8266" -I"C:\eclipseArduino\arduinoPlugin\packages\esp8266\hardware\esp8266\2.2.0\variants\adafruit" -I"C:\eclipseArduino\arduinoPlugin\packages\esp8266\hardware\esp8266\2.2.0\libraries\SPI" -I"C:\eclipseArduino\arduinoPlugin\libraries\PubSubClient\2.6.0" -I"C:\eclipseArduino\arduinoPlugin\libraries\PubSubClient\2.6.0\src" -I"C:\eclipseArduino\arduinoPlugin\packages\esp8266\hardware\esp8266\2.2.0\libraries\Ethernet" -I"C:\eclipseArduino\arduinoPlugin\packages\esp8266\hardware\esp8266\2.2.0\libraries\Ethernet\src" -I"C:\eclipseArduino\Project\mqttSubscrise\json_data" -MMD -MP -MF"json_data/third-party/open-ctm/liblzma/LzmaEnc.c.d" -MT"json_data/third-party/open-ctm/liblzma/LzmaEnc.c.o" -D__IN_ECLIPSE__=1 "C:/eclipseArduino/Project/mqttSubscrise/json_data/third-party/open-ctm/liblzma/LzmaEnc.c"  -o  "json_data/third-party/open-ctm/liblzma/LzmaEnc.c.o"   -Wall
C:/eclipseArduino/Project/mqttSubscrise/json_data/third-party/open-ctm/liblzma/LzmaEnc.c: In function 'LzmaEnc_Alloc':
C:/eclipseArduino/Project/mqttSubscrise/json_data/third-party/open-ctm/liblzma/LzmaEnc.c:1922:8: warning: variable 'btMode' set but not used [-Wunused-but-set-variable]
   Bool btMode;
        ^
Finished building: C:/eclipseArduino/Project/mqttSubscrise/json_data/third-party/open-ctm/liblzma/LzmaEnc.c
 
Building file: C:/eclipseArduino/Project/mqttSubscrise/json_data/third-party/open-ctm/liblzma/LzmaLib.c
Starting C compile
"C:\eclipseArduino\arduinoPlugin\tools\esp8266\xtensa-lx106-elf-gcc\1.20.0-26-gb404fb9-2/bin/xtensa-lx106-elf-gcc" -D__ets__ -DICACHE_FLASH -U__STRICT_ANSI__ "-IC:/eclipseArduino/arduinoPlugin/packages/esp8266/hardware/esp8266/2.2.0/tools/sdk/include" "-IC:/eclipseArduino/arduinoPlugin/packages/esp8266/hardware/esp8266/2.2.0/tools/sdk/lwip/include" -c -Os -g -Wpointer-arith -Wno-implicit-function-declaration -Wl,-EL -fno-inline-functions -nostdlib -mlongcalls -mtext-section-literals -falign-functions=4 -MMD -std=gnu99 -ffunction-sections -fdata-sections -DF_CPU=80000000L    -DARDUINO=10606 -DARDUINO_ESP8266_ESP12 -DARDUINO_ARCH_ESP8266  -DESP8266   -I"C:\eclipseArduino\arduinoPlugin\packages\esp8266\hardware\esp8266\2.2.0\cores\esp8266" -I"C:\eclipseArduino\arduinoPlugin\packages\esp8266\hardware\esp8266\2.2.0\variants\adafruit" -I"C:\eclipseArduino\arduinoPlugin\packages\esp8266\hardware\esp8266\2.2.0\libraries\SPI" -I"C:\eclipseArduino\arduinoPlugin\libraries\PubSubClient\2.6.0" -I"C:\eclipseArduino\arduinoPlugin\libraries\PubSubClient\2.6.0\src" -I"C:\eclipseArduino\arduinoPlugin\packages\esp8266\hardware\esp8266\2.2.0\libraries\Ethernet" -I"C:\eclipseArduino\arduinoPlugin\packages\esp8266\hardware\esp8266\2.2.0\libraries\Ethernet\src" -I"C:\eclipseArduino\Project\mqttSubscrise\json_data" -MMD -MP -MF"json_data/third-party/open-ctm/liblzma/LzmaLib.c.d" -MT"json_data/third-party/open-ctm/liblzma/LzmaLib.c.o" -D__IN_ECLIPSE__=1 "C:/eclipseArduino/Project/mqttSubscrise/json_data/third-party/open-ctm/liblzma/LzmaLib.c"  -o  "json_data/third-party/open-ctm/liblzma/LzmaLib.c.o"   -Wall
Finished building: C:/eclipseArduino/Project/mqttSubscrise/json_data/third-party/open-ctm/liblzma/LzmaLib.c
 
Building file: C:/eclipseArduino/Project/mqttSubscrise/json_data/third-party/open-ctm/compressMG1.c
Starting C compile
"C:\eclipseArduino\arduinoPlugin\tools\esp8266\xtensa-lx106-elf-gcc\1.20.0-26-gb404fb9-2/bin/xtensa-lx106-elf-gcc" -D__ets__ -DICACHE_FLASH -U__STRICT_ANSI__ "-IC:/eclipseArduino/arduinoPlugin/packages/esp8266/hardware/esp8266/2.2.0/tools/sdk/include" "-IC:/eclipseArduino/arduinoPlugin/packages/esp8266/hardware/esp8266/2.2.0/tools/sdk/lwip/include" -c -Os -g -Wpointer-arith -Wno-implicit-function-declaration -Wl,-EL -fno-inline-functions -nostdlib -mlongcalls -mtext-section-literals -falign-functions=4 -MMD -std=gnu99 -ffunction-sections -fdata-sections -DF_CPU=80000000L    -DARDUINO=10606 -DARDUINO_ESP8266_ESP12 -DARDUINO_ARCH_ESP8266  -DESP8266   -I"C:\eclipseArduino\arduinoPlugin\packages\esp8266\hardware\esp8266\2.2.0\cores\esp8266" -I"C:\eclipseArduino\arduinoPlugin\packages\esp8266\hardware\esp8266\2.2.0\variants\adafruit" -I"C:\eclipseArduino\arduinoPlugin\packages\esp8266\hardware\esp8266\2.2.0\libraries\SPI" -I"C:\eclipseArduino\arduinoPlugin\libraries\PubSubClient\2.6.0" -I"C:\eclipseArduino\arduinoPlugin\libraries\PubSubClient\2.6.0\src" -I"C:\eclipseArduino\arduinoPlugin\packages\esp8266\hardware\esp8266\2.2.0\libraries\Ethernet" -I"C:\eclipseArduino\arduinoPlugin\packages\esp8266\hardware\esp8266\2.2.0\libraries\Ethernet\src" -I"C:\eclipseArduino\Project\mqttSubscrise\json_data" -MMD -MP -MF"json_data/third-party/open-ctm/compressMG1.c.d" -MT"json_data/third-party/open-ctm/compressMG1.c.o" -D__IN_ECLIPSE__=1 "C:/eclipseArduino/Project/mqttSubscrise/json_data/third-party/open-ctm/compressMG1.c"  -o  "json_data/third-party/open-ctm/compressMG1.c.o"   -Wall
Finished building: C:/eclipseArduino/Project/mqttSubscrise/json_data/third-party/open-ctm/compressMG1.c
 
Building file: C:/eclipseArduino/Project/mqttSubscrise/json_data/third-party/open-ctm/compressMG2.c
Starting C compile
"C:\eclipseArduino\arduinoPlugin\tools\esp8266\xtensa-lx106-elf-gcc\1.20.0-26-gb404fb9-2/bin/xtensa-lx106-elf-gcc" -D__ets__ -DICACHE_FLASH -U__STRICT_ANSI__ "-IC:/eclipseArduino/arduinoPlugin/packages/esp8266/hardware/esp8266/2.2.0/tools/sdk/include" "-IC:/eclipseArduino/arduinoPlugin/packages/esp8266/hardware/esp8266/2.2.0/tools/sdk/lwip/include" -c -Os -g -Wpointer-arith -Wno-implicit-function-declaration -Wl,-EL -fno-inline-functions -nostdlib -mlongcalls -mtext-section-literals -falign-functions=4 -MMD -std=gnu99 -ffunction-sections -fdata-sections -DF_CPU=80000000L    -DARDUINO=10606 -DARDUINO_ESP8266_ESP12 -DARDUINO_ARCH_ESP8266  -DESP8266   -I"C:\eclipseArduino\arduinoPlugin\packages\esp8266\hardware\esp8266\2.2.0\cores\esp8266" -I"C:\eclipseArduino\arduinoPlugin\packages\esp8266\hardware\esp8266\2.2.0\variants\adafruit" -I"C:\eclipseArduino\arduinoPlugin\packages\esp8266\hardware\esp8266\2.2.0\libraries\SPI" -I"C:\eclipseArduino\arduinoPlugin\libraries\PubSubClient\2.6.0" -I"C:\eclipseArduino\arduinoPlugin\libraries\PubSubClient\2.6.0\src" -I"C:\eclipseArduino\arduinoPlugin\packages\esp8266\hardware\esp8266\2.2.0\libraries\Ethernet" -I"C:\eclipseArduino\arduinoPlugin\packages\esp8266\hardware\esp8266\2.2.0\libraries\Ethernet\src" -I"C:\eclipseArduino\Project\mqttSubscrise\json_data" -MMD -MP -MF"json_data/third-party/open-ctm/compressMG2.c.d" -MT"json_data/third-party/open-ctm/compressMG2.c.o" -D__IN_ECLIPSE__=1 "C:/eclipseArduino/Project/mqttSubscrise/json_data/third-party/open-ctm/compressMG2.c"  -o  "json_data/third-party/open-ctm/compressMG2.c.o"   -Wall
Finished building: C:/eclipseArduino/Project/mqttSubscrise/json_data/third-party/open-ctm/compressMG2.c
 
Building file: C:/eclipseArduino/Project/mqttSubscrise/json_data/third-party/open-ctm/compressRAW.c
Starting C compile
"C:\eclipseArduino\arduinoPlugin\tools\esp8266\xtensa-lx106-elf-gcc\1.20.0-26-gb404fb9-2/bin/xtensa-lx106-elf-gcc" -D__ets__ -DICACHE_FLASH -U__STRICT_ANSI__ "-IC:/eclipseArduino/arduinoPlugin/packages/esp8266/hardware/esp8266/2.2.0/tools/sdk/include" "-IC:/eclipseArduino/arduinoPlugin/packages/esp8266/hardware/esp8266/2.2.0/tools/sdk/lwip/include" -c -Os -g -Wpointer-arith -Wno-implicit-function-declaration -Wl,-EL -fno-inline-functions -nostdlib -mlongcalls -mtext-section-literals -falign-functions=4 -MMD -std=gnu99 -ffunction-sections -fdata-sections -DF_CPU=80000000L    -DARDUINO=10606 -DARDUINO_ESP8266_ESP12 -DARDUINO_ARCH_ESP8266  -DESP8266   -I"C:\eclipseArduino\arduinoPlugin\packages\esp8266\hardware\esp8266\2.2.0\cores\esp8266" -I"C:\eclipseArduino\arduinoPlugin\packages\esp8266\hardware\esp8266\2.2.0\variants\adafruit" -I"C:\eclipseArduino\arduinoPlugin\packages\esp8266\hardware\esp8266\2.2.0\libraries\SPI" -I"C:\eclipseArduino\arduinoPlugin\libraries\PubSubClient\2.6.0" -I"C:\eclipseArduino\arduinoPlugin\libraries\PubSubClient\2.6.0\src" -I"C:\eclipseArduino\arduinoPlugin\packages\esp8266\hardware\esp8266\2.2.0\libraries\Ethernet" -I"C:\eclipseArduino\arduinoPlugin\packages\esp8266\hardware\esp8266\2.2.0\libraries\Ethernet\src" -I"C:\eclipseArduino\Project\mqttSubscrise\json_data" -MMD -MP -MF"json_data/third-party/open-ctm/compressRAW.c.d" -MT"json_data/third-party/open-ctm/compressRAW.c.o" -D__IN_ECLIPSE__=1 "C:/eclipseArduino/Project/mqttSubscrise/json_data/third-party/open-ctm/compressRAW.c"  -o  "json_data/third-party/open-ctm/compressRAW.c.o"   -Wall
Finished building: C:/eclipseArduino/Project/mqttSubscrise/json_data/third-party/open-ctm/compressRAW.c
 
Building file: C:/eclipseArduino/Project/mqttSubscrise/json_data/third-party/open-ctm/openctm.c
Starting C compile
"C:\eclipseArduino\arduinoPlugin\tools\esp8266\xtensa-lx106-elf-gcc\1.20.0-26-gb404fb9-2/bin/xtensa-lx106-elf-gcc" -D__ets__ -DICACHE_FLASH -U__STRICT_ANSI__ "-IC:/eclipseArduino/arduinoPlugin/packages/esp8266/hardware/esp8266/2.2.0/tools/sdk/include" "-IC:/eclipseArduino/arduinoPlugin/packages/esp8266/hardware/esp8266/2.2.0/tools/sdk/lwip/include" -c -Os -g -Wpointer-arith -Wno-implicit-function-declaration -Wl,-EL -fno-inline-functions -nostdlib -mlongcalls -mtext-section-literals -falign-functions=4 -MMD -std=gnu99 -ffunction-sections -fdata-sections -DF_CPU=80000000L    -DARDUINO=10606 -DARDUINO_ESP8266_ESP12 -DARDUINO_ARCH_ESP8266  -DESP8266   -I"C:\eclipseArduino\arduinoPlugin\packages\esp8266\hardware\esp8266\2.2.0\cores\esp8266" -I"C:\eclipseArduino\arduinoPlugin\packages\esp8266\hardware\esp8266\2.2.0\variants\adafruit" -I"C:\eclipseArduino\arduinoPlugin\packages\esp8266\hardware\esp8266\2.2.0\libraries\SPI" -I"C:\eclipseArduino\arduinoPlugin\libraries\PubSubClient\2.6.0" -I"C:\eclipseArduino\arduinoPlugin\libraries\PubSubClient\2.6.0\src" -I"C:\eclipseArduino\arduinoPlugin\packages\esp8266\hardware\esp8266\2.2.0\libraries\Ethernet" -I"C:\eclipseArduino\arduinoPlugin\packages\esp8266\hardware\esp8266\2.2.0\libraries\Ethernet\src" -I"C:\eclipseArduino\Project\mqttSubscrise\json_data" -MMD -MP -MF"json_data/third-party/open-ctm/openctm.c.d" -MT"json_data/third-party/open-ctm/openctm.c.o" -D__IN_ECLIPSE__=1 "C:/eclipseArduino/Project/mqttSubscrise/json_data/third-party/open-ctm/openctm.c"  -o  "json_data/third-party/open-ctm/openctm.c.o"   -Wall
Finished building: C:/eclipseArduino/Project/mqttSubscrise/json_data/third-party/open-ctm/openctm.c
 
Building file: C:/eclipseArduino/Project/mqttSubscrise/json_data/third-party/open-ctm/stream.c
Starting C compile
"C:\eclipseArduino\arduinoPlugin\tools\esp8266\xtensa-lx106-elf-gcc\1.20.0-26-gb404fb9-2/bin/xtensa-lx106-elf-gcc" -D__ets__ -DICACHE_FLASH -U__STRICT_ANSI__ "-IC:/eclipseArduino/arduinoPlugin/packages/esp8266/hardware/esp8266/2.2.0/tools/sdk/include" "-IC:/eclipseArduino/arduinoPlugin/packages/esp8266/hardware/esp8266/2.2.0/tools/sdk/lwip/include" -c -Os -g -Wpointer-arith -Wno-implicit-function-declaration -Wl,-EL -fno-inline-functions -nostdlib -mlongcalls -mtext-section-literals -falign-functions=4 -MMD -std=gnu99 -ffunction-sections -fdata-sections -DF_CPU=80000000L    -DARDUINO=10606 -DARDUINO_ESP8266_ESP12 -DARDUINO_ARCH_ESP8266  -DESP8266   -I"C:\eclipseArduino\arduinoPlugin\packages\esp8266\hardware\esp8266\2.2.0\cores\esp8266" -I"C:\eclipseArduino\arduinoPlugin\packages\esp8266\hardware\esp8266\2.2.0\variants\adafruit" -I"C:\eclipseArduino\arduinoPlugin\packages\esp8266\hardware\esp8266\2.2.0\libraries\SPI" -I"C:\eclipseArduino\arduinoPlugin\libraries\PubSubClient\2.6.0" -I"C:\eclipseArduino\arduinoPlugin\libraries\PubSubClient\2.6.0\src" -I"C:\eclipseArduino\arduinoPlugin\packages\esp8266\hardware\esp8266\2.2.0\libraries\Ethernet" -I"C:\eclipseArduino\arduinoPlugin\packages\esp8266\hardware\esp8266\2.2.0\libraries\Ethernet\src" -I"C:\eclipseArduino\Project\mqttSubscrise\json_data" -MMD -MP -MF"json_data/third-party/open-ctm/stream.c.d" -MT"json_data/third-party/open-ctm/stream.c.o" -D__IN_ECLIPSE__=1 "C:/eclipseArduino/Project/mqttSubscrise/json_data/third-party/open-ctm/stream.c"  -o  "json_data/third-party/open-ctm/stream.c.o"   -Wall
Finished building: C:/eclipseArduino/Project/mqttSubscrise/json_data/third-party/open-ctm/stream.c
 
Building file: C:/eclipseArduino/Project/mqttSubscrise/json_data/third-party/glfw/lib/x11/x11_enable.c
Starting C compile
"C:\eclipseArduino\arduinoPlugin\tools\esp8266\xtensa-lx106-elf-gcc\1.20.0-26-gb404fb9-2/bin/xtensa-lx106-elf-gcc" -D__ets__ -DICACHE_FLASH -U__STRICT_ANSI__ "-IC:/eclipseArduino/arduinoPlugin/packages/esp8266/hardware/esp8266/2.2.0/tools/sdk/include" "-IC:/eclipseArduino/arduinoPlugin/packages/esp8266/hardware/esp8266/2.2.0/tools/sdk/lwip/include" -c -Os -g -Wpointer-arith -Wno-implicit-function-declaration -Wl,-EL -fno-inline-functions -nostdlib -mlongcalls -mtext-section-literals -falign-functions=4 -MMD -std=gnu99 -ffunction-sections -fdata-sections -DF_CPU=80000000L    -DARDUINO=10606 -DARDUINO_ESP8266_ESP12 -DARDUINO_ARCH_ESP8266  -DESP8266   -I"C:\eclipseArduino\arduinoPlugin\packages\esp8266\hardware\esp8266\2.2.0\cores\esp8266" -I"C:\eclipseArduino\arduinoPlugin\packages\esp8266\hardware\esp8266\2.2.0\variants\adafruit" -I"C:\eclipseArduino\arduinoPlugin\packages\esp8266\hardware\esp8266\2.2.0\libraries\SPI" -I"C:\eclipseArduino\arduinoPlugin\libraries\PubSubClient\2.6.0" -I"C:\eclipseArduino\arduinoPlugin\libraries\PubSubClient\2.6.0\src" -I"C:\eclipseArduino\arduinoPlugin\packages\esp8266\hardware\esp8266\2.2.0\libraries\Ethernet" -I"C:\eclipseArduino\arduinoPlugin\packages\esp8266\hardware\esp8266\2.2.0\libraries\Ethernet\src" -I"C:\eclipseArduino\Project\mqttSubscrise\json_data" -MMD -MP -MF"json_data/third-party/glfw/lib/x11/x11_enable.c.d" -MT"json_data/third-party/glfw/lib/x11/x11_enable.c.o" -D__IN_ECLIPSE__=1 "C:/eclipseArduino/Project/mqttSubscrise/json_data/third-party/glfw/lib/x11/x11_enable.c"  -o  "json_data/third-party/glfw/lib/x11/x11_enable.c.o"   -Wall
C:/eclipseArduino/Project/mqttSubscrise/json_data/third-party/glfw/lib/x11/x11_enable.c:31:22: fatal error: internal.h: No such file or directory
 #include "internal.h"
                      ^
compilation terminated.
json_data/third-party/glfw/lib/x11/subdir.mk:42: recipe for target 'json_data/third-party/glfw/lib/x11/x11_enable.c.o' failed
make: *** [json_data/third-party/glfw/lib/x11/x11_enable.c.o] Error 1

14:41:40 Build Finished (took 12s.76ms)

