13:47:54 **** Incremental Build of configuration Release for project wedUpdate ****
"C:\\eclipseArduino\\arduinoPlugin\\tools\\make\\make" all 
Building file: ../.ino.cpp
Starting C++ compile
"C:\eclipseArduino\arduinoPlugin\tools\esp8266\xtensa-lx106-elf-gcc\1.20.0-26-gb404fb9-2/bin/xtensa-lx106-elf-g++" -D__ets__ -DICACHE_FLASH -U__STRICT_ANSI__ "-IC:/eclipseArduino/arduinoPlugin/packages/esp8266/hardware/esp8266/2.2.0/tools/sdk/include" "-IC:/eclipseArduino/arduinoPlugin/packages/esp8266/hardware/esp8266/2.2.0/tools/sdk/lwip/include" -c -Os -g -mlongcalls -mtext-section-literals -fno-exceptions -fno-rtti -falign-functions=4 -std=c++11 -MMD -ffunction-sections -fdata-sections -DF_CPU=80000000L  -DDEBUG_ESP_PORT=Serial -DDEBUG_ESP_CORE -DDEBUG_ESP_SSL -DDEBUG_ESP_WIFI -DDEBUG_ESP_HTTP_CLIENT -DDEBUG_ESP_HTTP_UPDATE -DDEBUG_ESP_HTTP_SERVER -DDEBUG_ESP_UPDATER -DDEBUG_ESP_OTA -DDEBUG_TLS_MEM -DARDUINO=10606 -DARDUINO_ESP8266_ESP01 -DARDUINO_ARCH_ESP8266  -DESP8266   -I"C:\eclipseArduino\arduinoPlugin\packages\esp8266\hardware\esp8266\2.2.0\cores\esp8266" -I"C:\eclipseArduino\arduinoPlugin\packages\esp8266\hardware\esp8266\2.2.0\variants\generic" -I"C:\eclipseArduino\arduinoPlugin\packages\esp8266\hardware\esp8266\2.2.0\libraries\ESP8266WebServer" -I"C:\eclipseArduino\arduinoPlugin\packages\esp8266\hardware\esp8266\2.2.0\libraries\ESP8266WebServer\src" -I"C:\eclipseArduino\arduinoPlugin\packages\esp8266\hardware\esp8266\2.2.0\libraries\ESP8266WiFi" -I"C:\eclipseArduino\arduinoPlugin\packages\esp8266\hardware\esp8266\2.2.0\libraries\ESP8266WiFi\src" -I"C:\eclipseArduino\arduinoPlugin\packages\esp8266\hardware\esp8266\2.2.0\libraries\ESP8266mDNS" -MMD -MP -MF".ino.cpp.d" -MT".ino.cpp.o" -D__IN_ECLIPSE__=1 -x c++ "../.ino.cpp"  -o  ".ino.cpp.o"   -Wall
Finished building: ../.ino.cpp
 
Starting combiner
"C:\eclipseArduino\arduinoPlugin\tools\esp8266\xtensa-lx106-elf-gcc\1.20.0-26-gb404fb9-2/bin/xtensa-lx106-elf-gcc" -g -Os -nostdlib -Wl,--no-check-sections -u call_user_start -Wl,-static "-LC:/eclipseArduino/arduinoPlugin/packages/esp8266/hardware/esp8266/2.2.0/tools/sdk/lib" "-LC:/eclipseArduino/arduinoPlugin/packages/esp8266/hardware/esp8266/2.2.0/tools/sdk/ld" "-Teagle.flash.4m1m.ld" -Wl,--gc-sections -Wl,-wrap,system_restart_local -Wl,-wrap,register_chipv6_phy  -o "C:/eclipseArduino/workspace/wedUpdate/Release/wedUpdate.elf" -Wl,--start-group    ./.ino.cpp.o  ./libraries/ESP8266mDNS/ESP8266mDNS.cpp.o  ./libraries/ESP8266WiFi/src/ESP8266WiFi.cpp.o ./libraries/ESP8266WiFi/src/ESP8266WiFiAP.cpp.o ./libraries/ESP8266WiFi/src/ESP8266WiFiGeneric.cpp.o ./libraries/ESP8266WiFi/src/ESP8266WiFiMulti.cpp.o ./libraries/ESP8266WiFi/src/ESP8266WiFiSTA.cpp.o ./libraries/ESP8266WiFi/src/ESP8266WiFiScan.cpp.o ./libraries/ESP8266WiFi/src/WiFiClient.cpp.o ./libraries/ESP8266WiFi/src/WiFiClientSecure.cpp.o ./libraries/ESP8266WiFi/src/WiFiServer.cpp.o ./libraries/ESP8266WiFi/src/WiFiUdp.cpp.o  ./libraries/ESP8266WebServer/src/ESP8266WebServer.cpp.o ./libraries/ESP8266WebServer/src/Parsing.cpp.o   arduino.ar   "C:/eclipseArduino/workspace/wedUpdate/Release/arduino.ar" -lm -lgcc -lhal -lphy -lpp -lnet80211 -lwpa -lcrypto -lmain -lwps -laxtls -lsmartconfig -lmesh -lwpa2 -llwip -Wl,--end-group  "-LC:/eclipseArduino/workspace/wedUpdate/Release"
Finished building: wedUpdate.elf
 
Create eeprom image
Finished building: wedUpdate.eep
 
Create Flash image (ihex format)
"C:\eclipseArduino\arduinoPlugin\tools\esp8266\esptool\0.4.8/esptool.exe" -eo "C:/eclipseArduino/arduinoPlugin/packages/esp8266/hardware/esp8266/2.2.0/bootloaders/eboot/eboot.elf" -bo "C:/eclipseArduino/workspace/wedUpdate/Release/wedUpdate.bin" -bm qio -bf 80 -bz 4M -bs .text -bp 4096 -ec -eo "C:/eclipseArduino/workspace/wedUpdate/Release/wedUpdate.elf" -bs .irom0.text -bs .text -bs .data -bs .rodata -bc -ec
Finished building: wedUpdate.bin
 
Building target: wedUpdate
Printing size:
"C:\eclipseArduino\arduinoPlugin\tools\esp8266\xtensa-lx106-elf-gcc\1.20.0-26-gb404fb9-2/bin/xtensa-lx106-elf-size" -A "C:/eclipseArduino/workspace/wedUpdate/Release/wedUpdate.elf"
C:/eclipseArduino/workspace/wedUpdate/Release/wedUpdate.elf  :
section                                                                                                                                                   size         addr
.data                                                                                                                                                      912   1073643520
.rodata                                                                                                                                                   5280   1073644432
.bss                                                                                                                                                     32072   1073649712
.irom0.text                                                                                                                                             217776   1075843088
.text                                                                                                                                                    28710   1074790400
.debug_frame                                                                                                                                             29448            0
.debug_info                                                                                                                                             554196            0
.debug_abbrev                                                                                                                                            68264            0
.debug_loc                                                                                                                                              172443            0
.debug_aranges                                                                                                                                            8568            0
.debug_ranges                                                                                                                                            19712            0
.debug_line                                                                                                                                             164517            0
.debug_str                                                                                                                                               96176            0
.comment                                                                                                                                                  8920            0
.xtensa.info                                                                                                                                                56            0
.xt.prop._ZNSt14_Function_baseD2Ev                                                                                                                          36            0
.xt.lit._ZN10UdpContext7_s_recvEPvP7udp_pcbP4pbufP7ip_addrt                                                                                                  8            0
.xt.lit._ZNSt14_Function_base13_Base_managerISt5_BindIFSt7_Mem_fnIM13MDNSResponderFvvEEPS3_EEE10_M_managerERSt9_Any_dataRKSB_St18_Manager_operation          0            0
.xt.lit._ZN10UdpContext4readEPcj                                                                                                                             8            0
.xt.lit._ZN10UdpContext6appendEPKcj                                                                                                                          0            0
.xt.lit._ZN10UdpContext4sendEP7ip_addrt                                                                                                                      8            0
.xt.prop._ZN10UdpContext7_s_recvEPvP7udp_pcbP4pbufP7ip_addrt                                                                                                60            0
.xt.prop._ZNSt14_Function_base13_Base_managerISt5_BindIFSt7_Mem_fnIM13MDNSResponderFvvEEPS3_EEE10_M_managerERSt9_Any_dataRKSB_St18_Manager_operation        84            0
.xt.prop._ZNSt17_Function_handlerIFvvESt5_BindIFSt7_Mem_fnIM13MDNSResponderFvvEEPS3_EEE9_M_invokeERKSt9_Any_data                                            48            0
.xt.prop._ZN10UdpContext4readEv                                                                                                                             60            0
.xt.prop._ZN10UdpContext4readEPcj                                                                                                                           72            0
.xt.prop._ZN10UdpContext5flushEv                                                                                                                            48            0
.xt.prop._ZN10UdpContext6appendEPKcj                                                                                                                       168            0
.xt.prop._ZN10UdpContext4sendEP7ip_addrt                                                                                                                    96            0
.xt.lit._ZN13ClientContext8_s_errorEPva                                                                                                                      8            0
.xt.lit._ZN13ClientContext7_s_sentEPvP7tcp_pcbt                                                                                                              8            0
.xt.lit._ZN13ClientContext7_s_recvEPvP7tcp_pcbP4pbufa                                                                                                        8            0
.xt.lit._ZN13ClientContext5flushEv                                                                                                                           0            0
.xt.lit._ZN13ClientContext5unrefEv                                                                                                                           8            0
.xt.lit._ZN13ClientContext5writeEPKcj                                                                                                                        8            0
.xt.lit._ZN13ClientContext8_consumeEj                                                                                                                        8            0
.xt.prop._ZN6Stream9readBytesEPhj                                                                                                                           36            0
.xt.prop._ZN13ClientContext8_s_errorEPva                                                                                                                    36            0
.xt.prop._ZN13ClientContext7_s_sentEPvP7tcp_pcbt                                                                                                            36            0
.xt.prop._ZN13ClientContext7_s_recvEPvP7tcp_pcbP4pbufa                                                                                                      96            0
.xt.prop._ZN13ClientContext5flushEv                                                                                                                         60            0
.xt.prop._ZN13ClientContext5unrefEv                                                                                                                         60            0
.xt.prop._ZN13ClientContext5writeEPKcj                                                                                                                      72            0
.xt.prop._ZN13ClientContext8_consumeEj                                                                                                                      96            0
.xt.prop._ZTV10WiFiClient                                                                                                                                   12            0
.xt.prop._ZTV10WiFiServer                                                                                                                                   12            0
.xt.lit._ZN14RequestHandlerD2Ev                                                                                                                              8            0
.xt.lit._ZN14RequestHandlerD0Ev                                                                                                                              0            0
.xt.lit._ZN22FunctionRequestHandler9canUploadE6String                                                                                                        0            0
.xt.lit._ZN22FunctionRequestHandler9canHandleE10HTTPMethod6String                                                                                            0            0
.xt.lit._ZN22FunctionRequestHandlerD2Ev                                                                                                                      8            0
.xt.lit._ZN22FunctionRequestHandlerD0Ev                                                                                                                      0            0
.xt.lit._ZNKSt8functionIFvvEEclEv                                                                                                                            0            0
.xt.lit._ZN22FunctionRequestHandler6handleER16ESP8266WebServer10HTTPMethod6String                                                                            0            0
.xt.lit._ZN22FunctionRequestHandler6uploadER16ESP8266WebServer6StringR10HTTPUpload                                                                           0            0
.xt.prop._ZN14RequestHandlerD2Ev                                                                                                                            36            0
.xt.prop._ZN14RequestHandler9canHandleE10HTTPMethod6String                                                                                                  36            0
.xt.prop._ZN14RequestHandler9canUploadE6String                                                                                                              36            0
.xt.prop._ZN14RequestHandler6handleER16ESP8266WebServer10HTTPMethod6String                                                                                  36            0
.xt.prop._ZN14RequestHandler6uploadER16ESP8266WebServer6StringR10HTTPUpload                                                                                 36            0
.xt.prop._ZN14RequestHandlerD0Ev                                                                                                                            36            0
.xt.prop._ZN22FunctionRequestHandler9canUploadE6String                                                                                                      48            0
.xt.prop._ZN22FunctionRequestHandler9canHandleE10HTTPMethod6String                                                                                          36            0
.xt.prop._ZN5Print5writeEPKcj                                                                                                                               36            0
.xt.prop._ZN22FunctionRequestHandlerD2Ev                                                                                                                    36            0
.xt.prop._ZN22FunctionRequestHandlerD0Ev                                                                                                                    36            0
.xt.prop._ZNSt8functionIFvvEEC2ERKS1_                                                                                                                       36            0
.xt.prop._ZNKSt8functionIFvvEEclEv                                                                                                                          48            0
.xt.prop._ZN22FunctionRequestHandler6handleER16ESP8266WebServer10HTTPMethod6String                                                                          48            0
.xt.prop._ZN22FunctionRequestHandler6uploadER16ESP8266WebServer6StringR10HTTPUpload                                                                         48            0
.xt.prop._ZTV14RequestHandler                                                                                                                               12            0
.xt.prop._ZTV22FunctionRequestHandler                                                                                                                       12            0
.xt.lit._ZNK6String9substringEj                                                                                                                              0            0
.xt.lit._ZN16ESP8266WebServer15RequestArgumentC2Ev                                                                                                           8            0
.xt.prop._ZNK6String9substringEj                                                                                                                            36            0
.xt.prop._ZN16ESP8266WebServer15RequestArgumentC2Ev                                                                                                         36            0
.xt.lit._ZN14HardwareSerialD2Ev                                                                                                                              8            0
.xt.lit._ZN14HardwareSerialD0Ev                                                                                                                              0            0
.xt.prop._ZN14HardwareSerialD2Ev                                                                                                                            36            0
.xt.prop._ZN14HardwareSerialD0Ev                                                                                                                            36            0
.xt.prop._ZTV14HardwareSerial                                                                                                                               12            0
.xt.prop._ZTV9IPAddress                                                                                                                                     12            0
.xt.lit._ZN5Print5writeEPKc                                                                                                                                  0            0
.xt.prop._ZN5Print5writeEPKc                                                                                                                                48            0
Total                                                                                                                                                  1409170


Finished building target: wedUpdate
 

13:47:57 Build Finished (took 3s.1ms)

